2025-12-11 18:03:17,859 - INFO - visitors_rank_task:24 - [2025-12-11 18:03:17] 执行定时任务！
2025-12-11 18:03:17,859 - INFO - visitors_rank_task:25 - [2025-12-11 18:03:17] 执行定时任务，开始处理日期为 20251209 的数据。。。
2025-12-11 18:03:17,859 - INFO - visitors_rank_task:35 - 正在进行日期为--20251209--的访客数据特征分析中。。。
2025-12-11 18:03:17,859 - INFO - feature_main:380 - 正在进行访客特征分析的日期为：20251209...
2025-12-11 18:03:17,859 - INFO - feature_main:384 - 正在读取的文件数据为：全量话单数据.txt...
2025-12-11 18:03:18,353 - INFO - feature_main:388 - 文件数据:全量话单数据.txt,已经读取完成！！！
2025-12-11 18:03:18,353 - INFO - feature_main:395 - 正在读取的文件数据为：短信数据.txt...
2025-12-11 18:03:18,572 - INFO - feature_main:399 - 文件数据:短信数据.txt,已经读取完成！！！
2025-12-11 18:03:18,572 - INFO - feature_main:406 - 正在读取的文件数据为：访客数据.txt...
2025-12-11 18:03:18,725 - INFO - feature_main:410 - 文件数据:访客数据.txt,已经读取完成！！！
2025-12-11 18:03:18,725 - INFO - feature_main:417 - 正在读取的文件数据为：手机号去重清单.txt...
2025-12-11 18:03:18,736 - INFO - feature_main:421 - 文件数据:手机号去重清单.txt,已经读取完成！！！
2025-12-11 18:03:18,736 - INFO - feature_main:428 - 正在读取的文件数据为：app银行类别的明细数据.txt...
2025-12-11 18:03:18,824 - INFO - feature_main:432 - 文件数据:app银行类别的明细数据.txt,已经读取完成！！！
2025-12-11 18:03:18,825 - INFO - feature_main:440 - 文件数据已经全部读取完成！！！
2025-12-11 18:03:18,825 - INFO - feature_main:442 - 正在进行数据预处理中。。。
2025-12-11 18:03:19,556 - INFO - feature_main:457 - 数据预处理已经全部完成！！！
2025-12-11 18:03:19,557 - INFO - feature_main:461 - 正在进行访客数据特征分析中。。。
2025-12-11 18:03:19,706 - INFO - comb_time:256 - 正在处理短信异常联系人。。。
2025-12-11 18:03:19,706 - INFO - select_usual_phone:90 - 正在处理特征为 操作时间 的异常联系人。。。
2025-12-11 18:03:19,707 - INFO - filter_needed_time_other:79 - 正在处理日期从 2025-12-01 00:00:00 到 2025-12-09 00:00:00
2025-12-11 18:03:19,751 - INFO - select_unusual_phone:108 - 正在进行 异常联系人 匹配中
2025-12-11 18:03:19,827 - INFO - comb_time:260 - 短信异常联系人已经处理完成！！！
2025-12-11 18:03:19,827 - INFO - comb_time:267 - 正在处理话单异常联系人。。。
2025-12-11 18:03:19,827 - INFO - select_usual_phone:90 - 正在处理特征为 通话时间 的异常联系人。。。
2025-12-11 18:03:19,829 - INFO - filter_needed_time_other:79 - 正在处理日期从 2025-12-01 00:00:00 到 2025-12-09 00:00:00
2025-12-11 18:03:19,885 - INFO - select_unusual_phone:108 - 正在进行 异常联系人 匹配中
2025-12-11 18:03:19,994 - INFO - comb_time:272 - 话单异常联系人已经处理完成！！！
2025-12-11 18:03:19,994 - INFO - comb_time:278 - 正在处理特征 访问网址时间银行交易 中。。。
2025-12-11 18:03:20,107 - INFO - comb_time:284 - 特征 访问网址时间银行交易 已经处理完成。。。
2025-12-11 18:03:20,107 - INFO - comb_time:291 - 正在处理特征 访问网址时间拨打电话 中。。。
2025-12-11 18:03:20,107 - INFO - log_message:60 - 正在进行 特征处理中。。。
2025-12-11 18:03:20,292 - INFO - comb_time:293 - 特征 访问网址时间拨打电话 已经处理完成。。。
2025-12-11 18:03:20,292 - INFO - comb_time:298 - 正在处理特征 访问网址时间接收电话 中。。。
2025-12-11 18:03:20,292 - INFO - log_message:60 - 正在进行 特征处理中。。。
2025-12-11 18:03:20,475 - INFO - comb_time:300 - 特征 访问网址时间接收电话 已经处理完成。。。
2025-12-11 18:03:20,475 - INFO - comb_time:305 - 正在处理特征 访问网址时间接收短信 中。。。
2025-12-11 18:03:20,475 - INFO - log_message:60 - 正在进行 特征处理中。。。
2025-12-11 18:03:20,489 - INFO - comb_time:307 - 特征 访问网址时间接收短信 已经处理完成。。。
2025-12-11 18:03:20,489 - INFO - comb_time:312 - 正在处理特征 访问网址时间发送短信 中。。。
2025-12-11 18:03:20,489 - INFO - log_message:60 - 正在进行 特征处理中。。。
2025-12-11 18:03:20,545 - INFO - comb_time:314 - 特征 访问网址时间发送短信 已经处理完成。。。
2025-12-11 18:03:20,546 - INFO - comb_time:319 - 正在处理特征 访问网址时间短信异常联系人 中。。。
2025-12-11 18:03:20,546 - INFO - log_message:60 - 正在进行 特征处理中。。。
2025-12-11 18:03:20,612 - INFO - comb_time:321 - 特征 访问网址时间短信异常联系人 已经处理完成。。。
2025-12-11 18:03:20,612 - INFO - comb_time:326 - 正在处理特征 访问网址时间话单异常联系人 中。。。
2025-12-11 18:03:20,612 - INFO - log_message:60 - 正在进行 特征处理中。。。
2025-12-11 18:03:20,684 - INFO - comb_time:328 - 特征 访问网址时间话单异常联系人 已经处理完成。。。
2025-12-11 18:03:20,848 - INFO - comb_time:338 - 正在进行分析手机号码的特征整合中。。。
2025-12-11 18:03:23,030 - INFO - feature_main:467 - 日期为--20251209--的访客数据特征分析完成！！！ 
2025-12-11 18:03:23,080 - INFO - feature_main:474 - 正在返回数据，部分数据为
         msisdn 访问网址时间拨打电话 访问网址时间接收电话 访问网址时间接收短信 访问网址时间发送短信 访问网址时间银行交易  ...     平均通话长度  最大通话长度  访问网址时间短信异常联系人 访问网址时间话单异常联系人  访问网址时间通话  访问网址时间短信
0  13003535701          0          0          0          0          2  ...  67.675676   655.0              0             0         0         0
1  13003574993          0          0          0          0         10  ...  33.138889   342.0              0             0         0         0
2  13003580707          0          0          0          0          4  ...  17.000000   189.0              0             0         0         0
3  13013723881          0          0          0          0          2  ...   7.727273    85.0              0             0         0         0
4  13024450273          0          0          0          0          0  ...   0.923077    12.0              0             0         0         0

[5 rows x 16 columns]
2025-12-11 18:03:23,152 - INFO - visitors_rank_task:41 - 正在进行日期为--20251209--的网信安数据特征分析中。。。
2025-12-11 18:03:23,153 - INFO - get_wxa_files:162 - 正在对网信安数据进行分类中。。。
2025-12-11 18:03:23,153 - INFO - classify_files:25 - 当前处理的文件的信息为 dco_high_risk_msisdn_clue_extend-20251106.csv
2025-12-11 18:03:23,153 - WARNING - classify_files:48 - 删除日期为 20251106 的文件 /data/wxa_data/dco_high_risk_msisdn_clue_extend-20251106.csv。。。
2025-12-11 18:03:23,153 - INFO - classify_files:25 - 当前处理的文件的信息为 dco_ai_warning_clue_extend-20251107.csv
2025-12-11 18:03:23,153 - WARNING - classify_files:48 - 删除日期为 20251107 的文件 /data/wxa_data/dco_ai_warning_clue_extend-20251107.csv。。。
2025-12-11 18:03:23,162 - INFO - classify_files:25 - 当前处理的文件的信息为 dco_involved_msisdn_clue_extend-20251107.csv
2025-12-11 18:03:23,163 - WARNING - classify_files:48 - 删除日期为 20251107 的文件 /data/wxa_data/dco_involved_msisdn_clue_extend-20251107.csv。。。
2025-12-11 18:03:23,163 - INFO - classify_files:25 - 当前处理的文件的信息为 dco_high_risk_msisdn_clue_extend.csv
2025-12-11 18:03:23,163 - ERROR - classify_files:32 - 跳过不符合命名规范的文件: dco_high_risk_msisdn_clue_extend.csv
2025-12-11 18:03:23,163 - INFO - classify_files:25 - 当前处理的文件的信息为 dco_ai_warning_clue_extend.csv
2025-12-11 18:03:23,163 - ERROR - classify_files:32 - 跳过不符合命名规范的文件: dco_ai_warning_clue_extend.csv
2025-12-11 18:03:23,163 - INFO - classify_files:25 - 当前处理的文件的信息为 dco_ai_warning_clue_extend-20251106.csv
2025-12-11 18:03:23,163 - WARNING - classify_files:48 - 删除日期为 20251106 的文件 /data/wxa_data/dco_ai_warning_clue_extend-20251106.csv。。。
2025-12-11 18:03:23,172 - INFO - classify_files:25 - 当前处理的文件的信息为 dco_high_risk_msisdn_clue_extend-20251107.csv
2025-12-11 18:03:23,172 - WARNING - classify_files:48 - 删除日期为 20251107 的文件 /data/wxa_data/dco_high_risk_msisdn_clue_extend-20251107.csv。。。
2025-12-11 18:03:23,172 - INFO - classify_files:25 - 当前处理的文件的信息为 dco_involved_msisdn_clue_extend.csv
2025-12-11 18:03:23,172 - ERROR - classify_files:32 - 跳过不符合命名规范的文件: dco_involved_msisdn_clue_extend.csv
2025-12-11 18:03:23,172 - INFO - get_wxa_files:164 - 部分分类数据为：
 {'dco_ai_warning_clue_extend': [], 'dco_high_risk_msisdn_clue_extend': [], 'dco_involved_msisdn_clue
2025-12-11 18:03:23,172 - INFO - get_wxa_files:169 - 正在对网信安数据进行整合中。。。
2025-12-11 18:03:23,177 - INFO - wxa_data_concat:64 - 正在对分类结果遍历中。。。
2025-12-11 18:03:23,180 - INFO - get_wxa_files:181 - 部分AI预警数据为：
 Empty DataFrame
Columns: [msisdn, call_time, other_number]
Index: []
2025-12-11 18:03:23,181 - INFO - get_wxa_files:182 - 部分高危预警号码数据为：
 Empty DataFrame
Columns: [msisdn, call_time, other_number]
Index: []
2025-12-11 18:03:23,181 - INFO - get_wxa_files:183 - 部分案件号码数据为：
 Empty DataFrame
Columns: [msisdn, call_time, other_number]
Index: []
2025-12-11 18:03:23,186 - INFO - get_wxa_files:199 - 部分AI预警数据为：
 Empty DataFrame
Columns: [msisdn, call_time, other_number]
Index: []
2025-12-11 18:03:23,187 - INFO - get_wxa_files:200 - 部分高危预警号码数据为：
 Empty DataFrame
Columns: [msisdn, call_time, other_number]
Index: []
2025-12-11 18:03:23,188 - INFO - get_wxa_files:201 - 部分案件号码数据为：
 Empty DataFrame
Columns: [msisdn, call_time, other_number]
Index: []
2025-12-11 18:03:23,188 - INFO - wxa_feature_main:214 - 正在拉取从 2025-12-06 00:00:00 ----- 2025-12-10 00:00:00 时间的访客通联数据。。。
2025-12-11 18:03:23,191 - INFO - wxa_feature_main:220 - 正在统计从 2025-12-06 00:00:00 ----- 2025-12-10 00:00:00 时间的通联数据的对端号码。。。
2025-12-11 18:03:23,191 - INFO - wxa_feature_main:228 - 正在处理与AI预警通联特征中。。。
2025-12-11 18:03:23,202 - INFO - wxa_feature_main:230 - 与AI预警通联特征已经处理完毕！
2025-12-11 18:03:23,202 - INFO - wxa_feature_main:232 - 正在处理与高危号码通联特征中。。。
2025-12-11 18:03:23,213 - INFO - wxa_feature_main:234 - 与高危预警通联号码通联特征已经处理完毕！
2025-12-11 18:03:23,213 - INFO - wxa_feature_main:236 - 正在处理与案件号码通联特征中。。。
2025-12-11 18:03:23,223 - INFO - wxa_feature_main:238 - 与案件号码通联特征已经处理完毕！
2025-12-11 18:03:23,223 - INFO - wxa_feature_main:244 - 日期为--20251209--网信安数据特征已经处理完成。。。
2025-12-11 18:03:23,223 - INFO - visitors_rank_task:48 - 正在进行日期为--20251209--的访客风险等级分级中。。。
2025-12-11 18:03:23,223 - INFO - visitors_rank_task:49 - 准备进行地点为--nantong--的访客风险等级分级中。。。
2025-12-11 18:03:23,301 - INFO - model_classify_main:157 - 正在使用随机森林模型对数据集进行预测
2025-12-11 18:03:24,628 - INFO - model_classify_main:166 - 正在进行使用随机森林模型预测概率值进行访客分级。。。
2025-12-11 18:03:24,642 - INFO - model_classify_main:173 - 正在进行使用规则模型进行访客分级。。。
2025-12-11 18:03:25,479 - INFO - model_classify_main:178 - 正在进行使用综合规则模型进行访客分级。。。
2025-12-11 18:03:25,521 - INFO - model_classify_main:193 - 正在使用综合规则模型进行访客分级中。。。
2025-12-11 18:03:25,844 - INFO - model_classify_main:203 - 正在进行历史数据分析，对有历史数据的访客进行风险等级调整。。。
2025-12-11 18:03:25,844 - INFO - anaylsis_history_main:247 - 正在整合历史 7 天的结果数据中。。。
2025-12-11 18:03:25,844 - INFO - get_history_res:53 - 路径/data/app/output/nantong 下的部分日期为 ['20251208', '20251027', '20251202', '20251207', '
2025-12-11 18:03:25,845 - INFO - get_target_date_path:13 - 正在整合历史结果数据从 2025-12-01 到 2025-12-09 的数据。。。
2025-12-11 18:03:25,845 - INFO - get_target_date_path:24 - 已经将日期为 2025-12-08 的路径 /data/app/output/nantong/20251208/20251208res.csv 添加到列表中。。
2025-12-11 18:03:25,845 - WARNING - get_target_date_path:27 - 其为 20251027 不属于指定时间 2025-12-01 到 2025-12-09
2025-12-11 18:03:25,845 - INFO - get_target_date_path:24 - 已经将日期为 2025-12-02 的路径 /data/app/output/nantong/20251202/20251202res.csv 添加到列表中。。
2025-12-11 18:03:25,845 - INFO - get_target_date_path:24 - 已经将日期为 2025-12-07 的路径 /data/app/output/nantong/20251207/20251207res.csv 添加到列表中。。
2025-12-11 18:03:25,845 - WARNING - get_target_date_path:27 - 其为 20251031 不属于指定时间 2025-12-01 到 2025-12-09
2025-12-11 18:03:25,845 - INFO - get_target_date_path:24 - 已经将日期为 2025-12-05 的路径 /data/app/output/nantong/20251205/20251205res.csv 添加到列表中。。
2025-12-11 18:03:25,845 - WARNING - get_target_date_path:27 - 其为 20251030 不属于指定时间 2025-12-01 到 2025-12-09
2025-12-11 18:03:25,845 - INFO - get_target_date_path:24 - 已经将日期为 2025-12-04 的路径 /data/app/output/nantong/20251204/20251204res.csv 添加到列表中。。
2025-12-11 18:03:25,845 - WARNING - get_target_date_path:27 - 其为 20251029 不属于指定时间 2025-12-01 到 2025-12-09
2025-12-11 18:03:25,845 - WARNING - get_target_date_path:27 - 其为 20251209 不属于指定时间 2025-12-01 到 2025-12-09
2025-12-11 18:03:25,846 - WARNING - get_target_date_path:27 - 其为 20251026 不属于指定时间 2025-12-01 到 2025-12-09
2025-12-11 18:03:25,846 - INFO - get_target_date_path:24 - 已经将日期为 2025-12-03 的路径 /data/app/output/nantong/20251203/20251203res.csv 添加到列表中。。
2025-12-11 18:03:25,846 - INFO - get_target_date_path:33 - 所要整合的日期的列表已经处理完毕，部分路径为 ['/data/app/output/nantong/20251208/20251208res.cs
2025-12-11 18:03:25,846 - INFO - get_target_date_path:38 - 正在整合任务列表路径中的历史数据中。。。
2025-12-11 18:03:25,847 - ERROR - get_target_date_path:45 - 在整合任务列表路径中的历史数据中出现：[Errno 2] No such file or directory: '/data/app/output/nantong/20251208/20251208res.csv'！！！
2025-12-11 18:03:25,847 - INFO - get_target_date_path:46 - 日期为 20251209 所要整合的历史数据已经整合完成。。。
2025-12-11 18:03:25,847 - INFO - anaylsis_history_main:253 - 正在根据历史数据对部分今日结果进行修改。。。
2025-12-11 18:03:25,847 - INFO - set_marks_by_histroy:214 - 正在对有历史数据和无历史数据的号码进行分离。。。
2025-12-11 18:03:26,446 - INFO - anaysis_visitors_fea_by_history:78 - 根据今日手机号码有无历史数据进行分离完成。。。
2025-12-11 18:03:26,449 - INFO - anaysis_visitors_fea_by_history:79 - 部分无历史数据的数据为：
        msisdn res
0  13003535701  低危
1  13003552988  低危
2  13003574993  中危
3  13003580707  低危
4  13003585509  中危
2025-12-11 18:03:26,450 - INFO - anaysis_visitors_fea_by_history:80 - 部分有历史数据的数据为：
Empty DataFrame
Columns: [msisdn, date_time_df2, res_history, res_now]
Index: []
2025-12-11 18:03:26,451 - INFO - set_marks_by_histroy:222 - 当前设置的风险等级分值为：{'紧急': 4, '高危': 3, '中危': 2, '低危': 1}
2025-12-11 18:03:26,451 - INFO - set_marks_by_histroy:224 - 正在对有历史数据的数据的今日结果进行修改中。。。
2025-12-11 18:03:26,452 - ERROR - set_marks_by_histroy:229 - 分离的历史数据存在问题
Empty DataFrame
Columns: [msisdn, date_time_df2, res_history, res_now, new_res]
Index: []。。。
2025-12-11 18:03:26,456 - INFO - set_marks_by_histroy:240 - 对历史数据的今日结果修改完成。。。
2025-12-11 18:03:26,462 - INFO - set_marks_by_histroy:241 - 部分最终结果数据为：
            msisdn res     new_res
0      13003535701  低危  低危，【无历史数据】
1      13003552988  低危  低危，【无历史数据】
2      13003574993  中危  中危，【无历史数据】
3      13003580707  低危  低危，【无历史数据】
4      13003585509  中危  中危，【无历史数据】
...            ...  ..         ...
12463  19954037070  低危  低危，【无历史数据】
12464  79638246436  低危  低危，【无历史数据】
12465  85253469328  低危  低危，【无历史数据】
12466  85265871411  低危  低危，【无历史数据】
12467  85294593223  低危  低危，【无历史数据】

[12468 rows x 3 columns]
2025-12-11 18:03:26,464 - INFO - anaylsis_history_main:259 - 结果数据的分布情况为：
new_res
低危，【无历史数据】    7945
中危，【无历史数据】    3059
高危，【无历史数据】    1444
紧急，【无历史数据】      20
Name: count, dtype: int64
2025-12-11 18:03:26,494 - INFO - model_classify_main:208 - 历史数据分析完成。。。
2025-12-11 18:03:26,494 - INFO - model_classify_main:211 - 正在根据涉诈网址类型调整访客风险等级中。。。
2025-12-11 18:03:26,494 - INFO - adjust_rank_by_type:88 - 正在加载并处理地点为--nantong--，日期为--20251209--的网址类型数据。。。
2025-12-11 18:03:26,494 - INFO - load_process_url_data:17 - 正在读取访客数据，其文件路径为：/data/risk_guest/nantong/20251209/访客数据.txt。。。
2025-12-11 18:03:26,675 - INFO - load_process_url_data:20 - 访客数据读取完成，其网址类型计数为：
host_type
色情博彩引流    54741
博彩诈骗      12886
招嫖诈骗      11634
非法分发      10311
防封系统       9787
其他诈骗       8266
裸聊诈骗       5806
理财诈骗       2250
刷单诈骗        500
贷款诈骗        106
虚假服务诈骗       37
非法加速器        19
客服系统         16
虚假购物诈骗        5
Name: count, dtype: int64
2025-12-11 18:03:26,676 - INFO - load_process_url_data:22 - 正在根据 msisdn 分组聚合网址类型。。。
2025-12-11 18:03:27,124 - INFO - load_process_url_data:27 - 根据 msisdn 分组聚合网址类型完成。。。
2025-12-11 18:03:27,124 - INFO - load_process_url_data:30 - 正在根据 网址类型列表 进行网址统计中。。。
2025-12-11 18:03:28,257 - INFO - load_process_url_data:35 - 网址类型统计完成其部分数据为：
        msisdn                                           访问网址类型列表  ... 访问网址主要类型次数                                       访问网址类型计数表
0  13003535701                                       [招嫖诈骗, 招嫖诈骗]  ...          2                                     {'招嫖诈骗': 2}
1  13003552988                                       [招嫖诈骗, 招嫖诈骗]  ...          2                                     {'招嫖诈骗': 2}
2  13003574993  [色情博彩引流, 色情博彩引流, 色情博彩引流, 色情博彩引流, 色情博彩引流, 色情博彩引...  ...          6                        {'色情博彩引流': 6, '博彩诈骗': 4}
3  13003580707                           [招嫖诈骗, 招嫖诈骗, 招嫖诈骗, 招嫖诈骗]  ...          4                                     {'招嫖诈骗': 4}
4  13003585509  [博彩诈骗, 博彩诈骗, 博彩诈骗, 博彩诈骗, 裸聊诈骗, 招嫖诈骗, 裸聊诈骗, 招嫖诈...  ...          4  {'博彩诈骗': 4, '裸聊诈骗': 4, '招嫖诈骗': 4, '色情博彩引流': 2}

[5 rows x 6 columns]。。。
2025-12-11 18:03:28,292 - INFO - adjust_rank_by_type:99 - 正在根据网址类型调整地点为--nantong--,日期为--20251209--的访客风险等级。。。
2025-12-11 18:03:28,597 - INFO - adjust_rank_by_type:104 - 根据网址类型进行访客风险等级更改已经完成。。。
2025-12-11 18:03:28,611 - INFO - adjust_rank_by_type:105 - 部分调整结果预览：
        msisdn  访问网址时间银行交易 final_label_res  ... 访问网址主要类型次数                 访问网址类型计数表   adjusted_res
0  13003535701           2              低危  ...          2               {'招嫖诈骗': 2}  低危，分类原因：【无调整】
1  13003574993          10              中危  ...          6  {'色情博彩引流': 6, '博彩诈骗': 4}  中危，分类原因：【无调整】
2  13003580707           4              低危  ...          4               {'招嫖诈骗': 4}  低危，分类原因：【无调整】
3  13013723881           2              低危  ...          2               {'非法分发': 2}  低危，分类原因：【无调整】
4  13024450273           0              低危  ...          2               {'招嫖诈骗': 2}  低危，分类原因：【无调整】

[5 rows x 9 columns]
2025-12-11 18:03:28,645 - ERROR - visitors_rank_task:56 - 日期为--20251209--进行访客风险等级分级中出现"['host_type_lable_res'] not in index"！！！
2025-12-11 18:03:28,651 - INFO - visitors_rank_task:59 - 日期为--20251209--进行访客风险等级分级已经完成，等待执行下一日期的定时任务中。。。
2025-12-11 18:07:00,844 - INFO - visitors_rank_task:24 - [2025-12-11 18:07:00] 执行定时任务！
2025-12-11 18:07:00,845 - INFO - visitors_rank_task:25 - [2025-12-11 18:07:00] 执行定时任务，开始处理日期为 20251209 的数据。。。
2025-12-11 18:07:00,845 - INFO - visitors_rank_task:35 - 正在进行日期为--20251209--的访客数据特征分析中。。。
2025-12-11 18:07:00,845 - INFO - feature_main:380 - 正在进行访客特征分析的日期为：20251209...
2025-12-11 18:07:00,845 - INFO - feature_main:384 - 正在读取的文件数据为：全量话单数据.txt...
2025-12-11 18:07:01,329 - INFO - feature_main:388 - 文件数据:全量话单数据.txt,已经读取完成！！！
2025-12-11 18:07:01,329 - INFO - feature_main:395 - 正在读取的文件数据为：短信数据.txt...
2025-12-11 18:07:01,541 - INFO - feature_main:399 - 文件数据:短信数据.txt,已经读取完成！！！
2025-12-11 18:07:01,541 - INFO - feature_main:406 - 正在读取的文件数据为：访客数据.txt...
2025-12-11 18:07:01,695 - INFO - feature_main:410 - 文件数据:访客数据.txt,已经读取完成！！！
2025-12-11 18:07:01,695 - INFO - feature_main:417 - 正在读取的文件数据为：手机号去重清单.txt...
2025-12-11 18:07:01,706 - INFO - feature_main:421 - 文件数据:手机号去重清单.txt,已经读取完成！！！
2025-12-11 18:07:01,706 - INFO - feature_main:428 - 正在读取的文件数据为：app银行类别的明细数据.txt...
2025-12-11 18:07:01,795 - INFO - feature_main:432 - 文件数据:app银行类别的明细数据.txt,已经读取完成！！！
2025-12-11 18:07:01,795 - INFO - feature_main:440 - 文件数据已经全部读取完成！！！
2025-12-11 18:07:01,795 - INFO - feature_main:442 - 正在进行数据预处理中。。。
2025-12-11 18:07:02,524 - INFO - feature_main:457 - 数据预处理已经全部完成！！！
2025-12-11 18:07:02,524 - INFO - feature_main:461 - 正在进行访客数据特征分析中。。。
2025-12-11 18:07:02,668 - INFO - comb_time:256 - 正在处理短信异常联系人。。。
2025-12-11 18:07:02,668 - INFO - select_usual_phone:90 - 正在处理特征为 操作时间 的异常联系人。。。
2025-12-11 18:07:02,669 - INFO - filter_needed_time_other:79 - 正在处理日期从 2025-12-01 00:00:00 到 2025-12-09 00:00:00
2025-12-11 18:07:02,713 - INFO - select_unusual_phone:108 - 正在进行 异常联系人 匹配中
2025-12-11 18:07:02,788 - INFO - comb_time:260 - 短信异常联系人已经处理完成！！！
2025-12-11 18:07:02,788 - INFO - comb_time:267 - 正在处理话单异常联系人。。。
2025-12-11 18:07:02,788 - INFO - select_usual_phone:90 - 正在处理特征为 通话时间 的异常联系人。。。
2025-12-11 18:07:02,790 - INFO - filter_needed_time_other:79 - 正在处理日期从 2025-12-01 00:00:00 到 2025-12-09 00:00:00
2025-12-11 18:07:02,847 - INFO - select_unusual_phone:108 - 正在进行 异常联系人 匹配中
2025-12-11 18:07:02,964 - INFO - comb_time:272 - 话单异常联系人已经处理完成！！！
2025-12-11 18:07:02,964 - INFO - comb_time:278 - 正在处理特征 访问网址时间银行交易 中。。。
2025-12-11 18:07:03,078 - INFO - comb_time:284 - 特征 访问网址时间银行交易 已经处理完成。。。
2025-12-11 18:07:03,078 - INFO - comb_time:291 - 正在处理特征 访问网址时间拨打电话 中。。。
2025-12-11 18:07:03,078 - INFO - log_message:60 - 正在进行 特征处理中。。。
2025-12-11 18:07:03,262 - INFO - comb_time:293 - 特征 访问网址时间拨打电话 已经处理完成。。。
2025-12-11 18:07:03,262 - INFO - comb_time:298 - 正在处理特征 访问网址时间接收电话 中。。。
2025-12-11 18:07:03,262 - INFO - log_message:60 - 正在进行 特征处理中。。。
2025-12-11 18:07:03,449 - INFO - comb_time:300 - 特征 访问网址时间接收电话 已经处理完成。。。
2025-12-11 18:07:03,449 - INFO - comb_time:305 - 正在处理特征 访问网址时间接收短信 中。。。
2025-12-11 18:07:03,449 - INFO - log_message:60 - 正在进行 特征处理中。。。
2025-12-11 18:07:03,463 - INFO - comb_time:307 - 特征 访问网址时间接收短信 已经处理完成。。。
2025-12-11 18:07:03,463 - INFO - comb_time:312 - 正在处理特征 访问网址时间发送短信 中。。。
2025-12-11 18:07:03,463 - INFO - log_message:60 - 正在进行 特征处理中。。。
2025-12-11 18:07:03,523 - INFO - comb_time:314 - 特征 访问网址时间发送短信 已经处理完成。。。
2025-12-11 18:07:03,524 - INFO - comb_time:319 - 正在处理特征 访问网址时间短信异常联系人 中。。。
2025-12-11 18:07:03,524 - INFO - log_message:60 - 正在进行 特征处理中。。。
2025-12-11 18:07:03,593 - INFO - comb_time:321 - 特征 访问网址时间短信异常联系人 已经处理完成。。。
2025-12-11 18:07:03,593 - INFO - comb_time:326 - 正在处理特征 访问网址时间话单异常联系人 中。。。
2025-12-11 18:07:03,593 - INFO - log_message:60 - 正在进行 特征处理中。。。
2025-12-11 18:07:03,667 - INFO - comb_time:328 - 特征 访问网址时间话单异常联系人 已经处理完成。。。
2025-12-11 18:07:03,830 - INFO - comb_time:338 - 正在进行分析手机号码的特征整合中。。。
2025-12-11 18:07:06,076 - INFO - feature_main:467 - 日期为--20251209--的访客数据特征分析完成！！！ 
2025-12-11 18:07:06,129 - INFO - feature_main:474 - 正在返回数据，部分数据为
         msisdn 访问网址时间拨打电话 访问网址时间接收电话 访问网址时间接收短信 访问网址时间发送短信 访问网址时间银行交易  ...     平均通话长度  最大通话长度  访问网址时间短信异常联系人 访问网址时间话单异常联系人  访问网址时间通话  访问网址时间短信
0  13003535701          0          0          0          0          2  ...  67.675676   655.0              0             0         0         0
1  13003574993          0          0          0          0         10  ...  33.138889   342.0              0             0         0         0
2  13003580707          0          0          0          0          4  ...  17.000000   189.0              0             0         0         0
3  13013723881          0          0          0          0          2  ...   7.727273    85.0              0             0         0         0
4  13024450273          0          0          0          0          0  ...   0.923077    12.0              0             0         0         0

[5 rows x 16 columns]
2025-12-11 18:07:06,206 - INFO - visitors_rank_task:41 - 正在进行日期为--20251209--的网信安数据特征分析中。。。
2025-12-11 18:07:06,206 - INFO - get_wxa_files:162 - 正在对网信安数据进行分类中。。。
2025-12-11 18:07:06,206 - INFO - classify_files:25 - 当前处理的文件的信息为 dco_high_risk_msisdn_clue_extend.csv
2025-12-11 18:07:06,206 - ERROR - classify_files:32 - 跳过不符合命名规范的文件: dco_high_risk_msisdn_clue_extend.csv
2025-12-11 18:07:06,206 - INFO - classify_files:25 - 当前处理的文件的信息为 dco_ai_warning_clue_extend.csv
2025-12-11 18:07:06,206 - ERROR - classify_files:32 - 跳过不符合命名规范的文件: dco_ai_warning_clue_extend.csv
2025-12-11 18:07:06,206 - INFO - classify_files:25 - 当前处理的文件的信息为 dco_involved_msisdn_clue_extend.csv
2025-12-11 18:07:06,206 - ERROR - classify_files:32 - 跳过不符合命名规范的文件: dco_involved_msisdn_clue_extend.csv
2025-12-11 18:07:06,207 - INFO - get_wxa_files:164 - 部分分类数据为：
 {'dco_ai_warning_clue_extend': [], 'dco_high_risk_msisdn_clue_extend': [], 'dco_involved_msisdn_clue
2025-12-11 18:07:06,207 - INFO - get_wxa_files:169 - 正在对网信安数据进行整合中。。。
2025-12-11 18:07:06,212 - INFO - wxa_data_concat:64 - 正在对分类结果遍历中。。。
2025-12-11 18:07:06,215 - INFO - get_wxa_files:181 - 部分AI预警数据为：
 Empty DataFrame
Columns: [msisdn, call_time, other_number]
Index: []
2025-12-11 18:07:06,216 - INFO - get_wxa_files:182 - 部分高危预警号码数据为：
 Empty DataFrame
Columns: [msisdn, call_time, other_number]
Index: []
2025-12-11 18:07:06,216 - INFO - get_wxa_files:183 - 部分案件号码数据为：
 Empty DataFrame
Columns: [msisdn, call_time, other_number]
Index: []
2025-12-11 18:07:06,221 - INFO - get_wxa_files:199 - 部分AI预警数据为：
 Empty DataFrame
Columns: [msisdn, call_time, other_number]
Index: []
2025-12-11 18:07:06,222 - INFO - get_wxa_files:200 - 部分高危预警号码数据为：
 Empty DataFrame
Columns: [msisdn, call_time, other_number]
Index: []
2025-12-11 18:07:06,223 - INFO - get_wxa_files:201 - 部分案件号码数据为：
 Empty DataFrame
Columns: [msisdn, call_time, other_number]
Index: []
2025-12-11 18:07:06,223 - INFO - wxa_feature_main:214 - 正在拉取从 2025-12-06 00:00:00 ----- 2025-12-10 00:00:00 时间的访客通联数据。。。
2025-12-11 18:07:06,226 - INFO - wxa_feature_main:220 - 正在统计从 2025-12-06 00:00:00 ----- 2025-12-10 00:00:00 时间的通联数据的对端号码。。。
2025-12-11 18:07:06,226 - INFO - wxa_feature_main:228 - 正在处理与AI预警通联特征中。。。
2025-12-11 18:07:06,237 - INFO - wxa_feature_main:230 - 与AI预警通联特征已经处理完毕！
2025-12-11 18:07:06,237 - INFO - wxa_feature_main:232 - 正在处理与高危号码通联特征中。。。
2025-12-11 18:07:06,248 - INFO - wxa_feature_main:234 - 与高危预警通联号码通联特征已经处理完毕！
2025-12-11 18:07:06,248 - INFO - wxa_feature_main:236 - 正在处理与案件号码通联特征中。。。
2025-12-11 18:07:06,259 - INFO - wxa_feature_main:238 - 与案件号码通联特征已经处理完毕！
2025-12-11 18:07:06,259 - INFO - wxa_feature_main:244 - 日期为--20251209--网信安数据特征已经处理完成。。。
2025-12-11 18:07:06,259 - INFO - visitors_rank_task:48 - 正在进行日期为--20251209--的访客风险等级分级中。。。
2025-12-11 18:07:06,259 - INFO - visitors_rank_task:49 - 准备进行地点为--nantong--的访客风险等级分级中。。。
2025-12-11 18:07:06,339 - INFO - model_classify_main:157 - 正在使用随机森林模型对数据集进行预测
2025-12-11 18:07:07,300 - INFO - model_classify_main:166 - 正在进行使用随机森林模型预测概率值进行访客分级。。。
2025-12-11 18:07:07,315 - INFO - model_classify_main:173 - 正在进行使用规则模型进行访客分级。。。
2025-12-11 18:07:08,196 - INFO - model_classify_main:178 - 正在进行使用综合规则模型进行访客分级。。。
2025-12-11 18:07:08,240 - INFO - model_classify_main:193 - 正在使用综合规则模型进行访客分级中。。。
2025-12-11 18:07:08,591 - INFO - model_classify_main:203 - 正在进行历史数据分析，对有历史数据的访客进行风险等级调整。。。
2025-12-11 18:07:08,591 - INFO - anaylsis_history_main:247 - 正在整合历史 7 天的结果数据中。。。
2025-12-11 18:07:08,591 - INFO - get_history_res:53 - 路径/data/app/output/nantong 下的部分日期为 ['20251208', '20251027', '20251202', '20251207', '
2025-12-11 18:07:08,591 - INFO - get_target_date_path:13 - 正在整合历史结果数据从 2025-12-01 到 2025-12-09 的数据。。。
2025-12-11 18:07:08,591 - INFO - get_target_date_path:24 - 已经将日期为 2025-12-08 的路径 /data/app/output/nantong/20251208/20251208res.csv 添加到列表中。。
2025-12-11 18:07:08,591 - WARNING - get_target_date_path:27 - 其为 20251027 不属于指定时间 2025-12-01 到 2025-12-09
2025-12-11 18:07:08,591 - INFO - get_target_date_path:24 - 已经将日期为 2025-12-02 的路径 /data/app/output/nantong/20251202/20251202res.csv 添加到列表中。。
2025-12-11 18:07:08,591 - INFO - get_target_date_path:24 - 已经将日期为 2025-12-07 的路径 /data/app/output/nantong/20251207/20251207res.csv 添加到列表中。。
2025-12-11 18:07:08,591 - WARNING - get_target_date_path:27 - 其为 20251031 不属于指定时间 2025-12-01 到 2025-12-09
2025-12-11 18:07:08,592 - INFO - get_target_date_path:24 - 已经将日期为 2025-12-05 的路径 /data/app/output/nantong/20251205/20251205res.csv 添加到列表中。。
2025-12-11 18:07:08,592 - WARNING - get_target_date_path:27 - 其为 20251030 不属于指定时间 2025-12-01 到 2025-12-09
2025-12-11 18:07:08,592 - INFO - get_target_date_path:24 - 已经将日期为 2025-12-04 的路径 /data/app/output/nantong/20251204/20251204res.csv 添加到列表中。。
2025-12-11 18:07:08,592 - WARNING - get_target_date_path:27 - 其为 20251029 不属于指定时间 2025-12-01 到 2025-12-09
2025-12-11 18:07:08,592 - WARNING - get_target_date_path:27 - 其为 20251209 不属于指定时间 2025-12-01 到 2025-12-09
2025-12-11 18:07:08,592 - WARNING - get_target_date_path:27 - 其为 20251026 不属于指定时间 2025-12-01 到 2025-12-09
2025-12-11 18:07:08,592 - INFO - get_target_date_path:24 - 已经将日期为 2025-12-03 的路径 /data/app/output/nantong/20251203/20251203res.csv 添加到列表中。。
2025-12-11 18:07:08,592 - INFO - get_target_date_path:33 - 所要整合的日期的列表已经处理完毕，部分路径为 ['/data/app/output/nantong/20251208/20251208res.cs
2025-12-11 18:07:08,593 - INFO - get_target_date_path:38 - 正在整合任务列表路径中的历史数据中。。。
2025-12-11 18:07:08,594 - ERROR - get_target_date_path:45 - 在整合任务列表路径中的历史数据中出现：[Errno 2] No such file or directory: '/data/app/output/nantong/20251208/20251208res.csv'！！！
2025-12-11 18:07:08,594 - INFO - get_target_date_path:46 - 日期为 20251209 所要整合的历史数据已经整合完成。。。
2025-12-11 18:07:08,594 - INFO - anaylsis_history_main:253 - 正在根据历史数据对部分今日结果进行修改。。。
2025-12-11 18:07:08,594 - INFO - set_marks_by_histroy:214 - 正在对有历史数据和无历史数据的号码进行分离。。。
2025-12-11 18:07:09,244 - INFO - anaysis_visitors_fea_by_history:78 - 根据今日手机号码有无历史数据进行分离完成。。。
2025-12-11 18:07:09,248 - INFO - anaysis_visitors_fea_by_history:79 - 部分无历史数据的数据为：
        msisdn res
0  13003535701  低危
1  13003552988  低危
2  13003574993  中危
3  13003580707  低危
4  13003585509  中危
2025-12-11 18:07:09,248 - INFO - anaysis_visitors_fea_by_history:80 - 部分有历史数据的数据为：
Empty DataFrame
Columns: [msisdn, date_time_df2, res_history, res_now]
Index: []
2025-12-11 18:07:09,249 - INFO - set_marks_by_histroy:222 - 当前设置的风险等级分值为：{'紧急': 4, '高危': 3, '中危': 2, '低危': 1}
2025-12-11 18:07:09,249 - INFO - set_marks_by_histroy:224 - 正在对有历史数据的数据的今日结果进行修改中。。。
2025-12-11 18:07:09,250 - ERROR - set_marks_by_histroy:229 - 分离的历史数据存在问题
Empty DataFrame
Columns: [msisdn, date_time_df2, res_history, res_now, new_res]
Index: []。。。
2025-12-11 18:07:09,255 - INFO - set_marks_by_histroy:240 - 对历史数据的今日结果修改完成。。。
2025-12-11 18:07:09,261 - INFO - set_marks_by_histroy:241 - 部分最终结果数据为：
            msisdn res     new_res
0      13003535701  低危  低危，【无历史数据】
1      13003552988  低危  低危，【无历史数据】
2      13003574993  中危  中危，【无历史数据】
3      13003580707  低危  低危，【无历史数据】
4      13003585509  中危  中危，【无历史数据】
...            ...  ..         ...
12463  19954037070  低危  低危，【无历史数据】
12464  79638246436  低危  低危，【无历史数据】
12465  85253469328  低危  低危，【无历史数据】
12466  85265871411  低危  低危，【无历史数据】
12467  85294593223  低危  低危，【无历史数据】

[12468 rows x 3 columns]
2025-12-11 18:07:09,264 - INFO - anaylsis_history_main:259 - 结果数据的分布情况为：
new_res
低危，【无历史数据】    7945
中危，【无历史数据】    3059
高危，【无历史数据】    1444
紧急，【无历史数据】      20
Name: count, dtype: int64
2025-12-11 18:07:09,295 - INFO - model_classify_main:208 - 历史数据分析完成。。。
2025-12-11 18:07:09,295 - INFO - model_classify_main:211 - 正在根据涉诈网址类型调整访客风险等级中。。。
2025-12-11 18:07:09,295 - INFO - adjust_rank_by_type:88 - 正在加载并处理地点为--nantong--，日期为--20251209--的网址类型数据。。。
2025-12-11 18:07:09,295 - INFO - load_process_url_data:17 - 正在读取访客数据，其文件路径为：/data/risk_guest/nantong/20251209/访客数据.txt。。。
2025-12-11 18:07:09,466 - INFO - load_process_url_data:20 - 访客数据读取完成，其网址类型计数为：
host_type
色情博彩引流    54741
博彩诈骗      12886
招嫖诈骗      11634
非法分发      10311
防封系统       9787
其他诈骗       8266
裸聊诈骗       5806
理财诈骗       2250
刷单诈骗        500
贷款诈骗        106
虚假服务诈骗       37
非法加速器        19
客服系统         16
虚假购物诈骗        5
Name: count, dtype: int64
2025-12-11 18:07:09,467 - INFO - load_process_url_data:22 - 正在根据 msisdn 分组聚合网址类型。。。
2025-12-11 18:07:09,956 - INFO - load_process_url_data:27 - 根据 msisdn 分组聚合网址类型完成。。。
2025-12-11 18:07:09,956 - INFO - load_process_url_data:30 - 正在根据 网址类型列表 进行网址统计中。。。
2025-12-11 18:07:11,204 - INFO - load_process_url_data:35 - 网址类型统计完成其部分数据为：
        msisdn                                           访问网址类型列表  ... 访问网址主要类型次数                                       访问网址类型计数表
0  13003535701                                       [招嫖诈骗, 招嫖诈骗]  ...          2                                     {'招嫖诈骗': 2}
1  13003552988                                       [招嫖诈骗, 招嫖诈骗]  ...          2                                     {'招嫖诈骗': 2}
2  13003574993  [色情博彩引流, 色情博彩引流, 色情博彩引流, 色情博彩引流, 色情博彩引流, 色情博彩引...  ...          6                        {'色情博彩引流': 6, '博彩诈骗': 4}
3  13003580707                           [招嫖诈骗, 招嫖诈骗, 招嫖诈骗, 招嫖诈骗]  ...          4                                     {'招嫖诈骗': 4}
4  13003585509  [博彩诈骗, 博彩诈骗, 博彩诈骗, 博彩诈骗, 裸聊诈骗, 招嫖诈骗, 裸聊诈骗, 招嫖诈...  ...          4  {'博彩诈骗': 4, '裸聊诈骗': 4, '招嫖诈骗': 4, '色情博彩引流': 2}

[5 rows x 6 columns]。。。
2025-12-11 18:07:11,235 - INFO - adjust_rank_by_type:99 - 正在根据网址类型调整地点为--nantong--,日期为--20251209--的访客风险等级。。。
2025-12-11 18:07:11,579 - INFO - adjust_rank_by_type:104 - 根据网址类型进行访客风险等级更改已经完成。。。
2025-12-11 18:07:11,593 - INFO - adjust_rank_by_type:105 - 部分调整结果预览：
        msisdn  访问网址时间银行交易 final_label_res  ... 访问网址主要类型次数                 访问网址类型计数表   adjusted_res
0  13003535701           2              低危  ...          2               {'招嫖诈骗': 2}  低危，分类原因：【无调整】
1  13003574993          10              中危  ...          6  {'色情博彩引流': 6, '博彩诈骗': 4}  中危，分类原因：【无调整】
2  13003580707           4              低危  ...          4               {'招嫖诈骗': 4}  低危，分类原因：【无调整】
3  13013723881           2              低危  ...          2               {'非法分发': 2}  低危，分类原因：【无调整】
4  13024450273           0              低危  ...          2               {'招嫖诈骗': 2}  低危，分类原因：【无调整】

[5 rows x 9 columns]
2025-12-11 18:07:11,626 - ERROR - visitors_rank_task:56 - 日期为--20251209--进行访客风险等级分级中出现"['host_type_lable_res'] not in index"！！！
2025-12-11 18:07:11,631 - INFO - visitors_rank_task:59 - 日期为--20251209--进行访客风险等级分级已经完成，等待执行下一日期的定时任务中。。。
2025-12-11 18:11:48,776 - INFO - visitors_rank_task:24 - [2025-12-11 18:11:48] 执行定时任务！
2025-12-11 18:11:48,776 - INFO - visitors_rank_task:25 - [2025-12-11 18:11:48] 执行定时任务，开始处理日期为 20251209 的数据。。。
2025-12-11 18:11:48,776 - INFO - visitors_rank_task:35 - 正在进行日期为--20251209--的访客数据特征分析中。。。
2025-12-11 18:11:48,776 - INFO - feature_main:380 - 正在进行访客特征分析的日期为：20251209...
2025-12-11 18:11:48,776 - INFO - feature_main:384 - 正在读取的文件数据为：全量话单数据.txt...
2025-12-11 18:11:49,261 - INFO - feature_main:388 - 文件数据:全量话单数据.txt,已经读取完成！！！
2025-12-11 18:11:49,261 - INFO - feature_main:395 - 正在读取的文件数据为：短信数据.txt...
2025-12-11 18:11:49,475 - INFO - feature_main:399 - 文件数据:短信数据.txt,已经读取完成！！！
2025-12-11 18:11:49,475 - INFO - feature_main:406 - 正在读取的文件数据为：访客数据.txt...
2025-12-11 18:11:49,635 - INFO - feature_main:410 - 文件数据:访客数据.txt,已经读取完成！！！
2025-12-11 18:11:49,635 - INFO - feature_main:417 - 正在读取的文件数据为：手机号去重清单.txt...
2025-12-11 18:11:49,646 - INFO - feature_main:421 - 文件数据:手机号去重清单.txt,已经读取完成！！！
2025-12-11 18:11:49,646 - INFO - feature_main:428 - 正在读取的文件数据为：app银行类别的明细数据.txt...
2025-12-11 18:11:49,764 - INFO - feature_main:432 - 文件数据:app银行类别的明细数据.txt,已经读取完成！！！
2025-12-11 18:11:49,765 - INFO - feature_main:440 - 文件数据已经全部读取完成！！！
2025-12-11 18:11:49,765 - INFO - feature_main:442 - 正在进行数据预处理中。。。
2025-12-11 18:11:50,501 - INFO - feature_main:457 - 数据预处理已经全部完成！！！
2025-12-11 18:11:50,502 - INFO - feature_main:461 - 正在进行访客数据特征分析中。。。
2025-12-11 18:11:50,663 - INFO - comb_time:256 - 正在处理短信异常联系人。。。
2025-12-11 18:11:50,664 - INFO - select_usual_phone:90 - 正在处理特征为 操作时间 的异常联系人。。。
2025-12-11 18:11:50,665 - INFO - filter_needed_time_other:79 - 正在处理日期从 2025-12-01 00:00:00 到 2025-12-09 00:00:00
2025-12-11 18:11:50,712 - INFO - select_unusual_phone:108 - 正在进行 异常联系人 匹配中
2025-12-11 18:11:50,796 - INFO - comb_time:260 - 短信异常联系人已经处理完成！！！
2025-12-11 18:11:50,796 - INFO - comb_time:267 - 正在处理话单异常联系人。。。
2025-12-11 18:11:50,797 - INFO - select_usual_phone:90 - 正在处理特征为 通话时间 的异常联系人。。。
2025-12-11 18:11:50,800 - INFO - filter_needed_time_other:79 - 正在处理日期从 2025-12-01 00:00:00 到 2025-12-09 00:00:00
2025-12-11 18:11:50,871 - INFO - select_unusual_phone:108 - 正在进行 异常联系人 匹配中
2025-12-11 18:11:50,995 - INFO - comb_time:272 - 话单异常联系人已经处理完成！！！
2025-12-11 18:11:50,995 - INFO - comb_time:278 - 正在处理特征 访问网址时间银行交易 中。。。
2025-12-11 18:11:51,116 - INFO - comb_time:284 - 特征 访问网址时间银行交易 已经处理完成。。。
2025-12-11 18:11:51,117 - INFO - comb_time:291 - 正在处理特征 访问网址时间拨打电话 中。。。
2025-12-11 18:11:51,117 - INFO - log_message:60 - 正在进行 特征处理中。。。
2025-12-11 18:11:51,303 - INFO - comb_time:293 - 特征 访问网址时间拨打电话 已经处理完成。。。
2025-12-11 18:11:51,303 - INFO - comb_time:298 - 正在处理特征 访问网址时间接收电话 中。。。
2025-12-11 18:11:51,304 - INFO - log_message:60 - 正在进行 特征处理中。。。
2025-12-11 18:11:51,508 - INFO - comb_time:300 - 特征 访问网址时间接收电话 已经处理完成。。。
2025-12-11 18:11:51,509 - INFO - comb_time:305 - 正在处理特征 访问网址时间接收短信 中。。。
2025-12-11 18:11:51,509 - INFO - log_message:60 - 正在进行 特征处理中。。。
2025-12-11 18:11:51,525 - INFO - comb_time:307 - 特征 访问网址时间接收短信 已经处理完成。。。
2025-12-11 18:11:51,525 - INFO - comb_time:312 - 正在处理特征 访问网址时间发送短信 中。。。
2025-12-11 18:11:51,525 - INFO - log_message:60 - 正在进行 特征处理中。。。
2025-12-11 18:11:51,584 - INFO - comb_time:314 - 特征 访问网址时间发送短信 已经处理完成。。。
2025-12-11 18:11:51,584 - INFO - comb_time:319 - 正在处理特征 访问网址时间短信异常联系人 中。。。
2025-12-11 18:11:51,584 - INFO - log_message:60 - 正在进行 特征处理中。。。
2025-12-11 18:11:51,656 - INFO - comb_time:321 - 特征 访问网址时间短信异常联系人 已经处理完成。。。
2025-12-11 18:11:51,656 - INFO - comb_time:326 - 正在处理特征 访问网址时间话单异常联系人 中。。。
2025-12-11 18:11:51,656 - INFO - log_message:60 - 正在进行 特征处理中。。。
2025-12-11 18:11:51,731 - INFO - comb_time:328 - 特征 访问网址时间话单异常联系人 已经处理完成。。。
2025-12-11 18:11:51,900 - INFO - comb_time:338 - 正在进行分析手机号码的特征整合中。。。
2025-12-11 18:11:54,151 - INFO - feature_main:467 - 日期为--20251209--的访客数据特征分析完成！！！ 
2025-12-11 18:11:54,199 - INFO - feature_main:474 - 正在返回数据，部分数据为
         msisdn 访问网址时间拨打电话 访问网址时间接收电话 访问网址时间接收短信 访问网址时间发送短信 访问网址时间银行交易  ...     平均通话长度  最大通话长度  访问网址时间短信异常联系人 访问网址时间话单异常联系人  访问网址时间通话  访问网址时间短信
0  13003535701          0          0          0          0          2  ...  67.675676   655.0              0             0         0         0
1  13003574993          0          0          0          0         10  ...  33.138889   342.0              0             0         0         0
2  13003580707          0          0          0          0          4  ...  17.000000   189.0              0             0         0         0
3  13013723881          0          0          0          0          2  ...   7.727273    85.0              0             0         0         0
4  13024450273          0          0          0          0          0  ...   0.923077    12.0              0             0         0         0

[5 rows x 16 columns]
2025-12-11 18:11:54,265 - INFO - visitors_rank_task:41 - 正在进行日期为--20251209--的网信安数据特征分析中。。。
2025-12-11 18:11:54,266 - INFO - get_wxa_files:162 - 正在对网信安数据进行分类中。。。
2025-12-11 18:11:54,266 - INFO - classify_files:25 - 当前处理的文件的信息为 dco_high_risk_msisdn_clue_extend.csv
2025-12-11 18:11:54,266 - ERROR - classify_files:32 - 跳过不符合命名规范的文件: dco_high_risk_msisdn_clue_extend.csv
2025-12-11 18:11:54,266 - INFO - classify_files:25 - 当前处理的文件的信息为 dco_ai_warning_clue_extend.csv
2025-12-11 18:11:54,266 - ERROR - classify_files:32 - 跳过不符合命名规范的文件: dco_ai_warning_clue_extend.csv
2025-12-11 18:11:54,266 - INFO - classify_files:25 - 当前处理的文件的信息为 dco_involved_msisdn_clue_extend.csv
2025-12-11 18:11:54,266 - ERROR - classify_files:32 - 跳过不符合命名规范的文件: dco_involved_msisdn_clue_extend.csv
2025-12-11 18:11:54,266 - INFO - get_wxa_files:164 - 部分分类数据为：
 {'dco_ai_warning_clue_extend': [], 'dco_high_risk_msisdn_clue_extend': [], 'dco_involved_msisdn_clue
2025-12-11 18:11:54,266 - INFO - get_wxa_files:169 - 正在对网信安数据进行整合中。。。
2025-12-11 18:11:54,271 - INFO - wxa_data_concat:64 - 正在对分类结果遍历中。。。
2025-12-11 18:11:54,274 - INFO - get_wxa_files:181 - 部分AI预警数据为：
 Empty DataFrame
Columns: [msisdn, call_time, other_number]
Index: []
2025-12-11 18:11:54,275 - INFO - get_wxa_files:182 - 部分高危预警号码数据为：
 Empty DataFrame
Columns: [msisdn, call_time, other_number]
Index: []
2025-12-11 18:11:54,276 - INFO - get_wxa_files:183 - 部分案件号码数据为：
 Empty DataFrame
Columns: [msisdn, call_time, other_number]
Index: []
2025-12-11 18:11:54,280 - INFO - get_wxa_files:199 - 部分AI预警数据为：
 Empty DataFrame
Columns: [msisdn, call_time, other_number]
Index: []
2025-12-11 18:11:54,281 - INFO - get_wxa_files:200 - 部分高危预警号码数据为：
 Empty DataFrame
Columns: [msisdn, call_time, other_number]
Index: []
2025-12-11 18:11:54,282 - INFO - get_wxa_files:201 - 部分案件号码数据为：
 Empty DataFrame
Columns: [msisdn, call_time, other_number]
Index: []
2025-12-11 18:11:54,282 - INFO - wxa_feature_main:214 - 正在拉取从 2025-12-06 00:00:00 ----- 2025-12-10 00:00:00 时间的访客通联数据。。。
2025-12-11 18:11:54,285 - INFO - wxa_feature_main:220 - 正在统计从 2025-12-06 00:00:00 ----- 2025-12-10 00:00:00 时间的通联数据的对端号码。。。
2025-12-11 18:11:54,285 - INFO - wxa_feature_main:228 - 正在处理与AI预警通联特征中。。。
2025-12-11 18:11:54,296 - INFO - wxa_feature_main:230 - 与AI预警通联特征已经处理完毕！
2025-12-11 18:11:54,296 - INFO - wxa_feature_main:232 - 正在处理与高危号码通联特征中。。。
2025-12-11 18:11:54,307 - INFO - wxa_feature_main:234 - 与高危预警通联号码通联特征已经处理完毕！
2025-12-11 18:11:54,307 - INFO - wxa_feature_main:236 - 正在处理与案件号码通联特征中。。。
2025-12-11 18:11:54,317 - INFO - wxa_feature_main:238 - 与案件号码通联特征已经处理完毕！
2025-12-11 18:11:54,317 - INFO - wxa_feature_main:244 - 日期为--20251209--网信安数据特征已经处理完成。。。
2025-12-11 18:11:54,317 - INFO - visitors_rank_task:48 - 正在进行日期为--20251209--的访客风险等级分级中。。。
2025-12-11 18:11:54,317 - INFO - visitors_rank_task:49 - 准备进行地点为--nantong--的访客风险等级分级中。。。
2025-12-11 18:11:54,397 - INFO - model_classify_main:157 - 正在使用随机森林模型对数据集进行预测
2025-12-11 18:11:55,376 - INFO - model_classify_main:166 - 正在进行使用随机森林模型预测概率值进行访客分级。。。
2025-12-11 18:11:55,390 - INFO - model_classify_main:173 - 正在进行使用规则模型进行访客分级。。。
2025-12-11 18:11:56,252 - INFO - model_classify_main:178 - 正在进行使用综合规则模型进行访客分级。。。
2025-12-11 18:11:56,299 - INFO - model_classify_main:193 - 正在使用综合规则模型进行访客分级中。。。
2025-12-11 18:11:56,651 - INFO - model_classify_main:203 - 正在进行历史数据分析，对有历史数据的访客进行风险等级调整。。。
2025-12-11 18:11:56,651 - INFO - anaylsis_history_main:247 - 正在整合历史 7 天的结果数据中。。。
2025-12-11 18:11:56,651 - INFO - get_history_res:53 - 路径/data/app/output/nantong 下的部分日期为 ['20251208', '20251027', '20251202', '20251207', '
2025-12-11 18:11:56,652 - INFO - get_target_date_path:13 - 正在整合历史结果数据从 2025-12-01 到 2025-12-09 的数据。。。
2025-12-11 18:11:56,652 - INFO - get_target_date_path:24 - 已经将日期为 2025-12-08 的路径 /data/app/output/nantong/20251208/20251208res.csv 添加到列表中。。
2025-12-11 18:11:56,652 - WARNING - get_target_date_path:27 - 其为 20251027 不属于指定时间 2025-12-01 到 2025-12-09
2025-12-11 18:11:56,652 - INFO - get_target_date_path:24 - 已经将日期为 2025-12-02 的路径 /data/app/output/nantong/20251202/20251202res.csv 添加到列表中。。
2025-12-11 18:11:56,652 - INFO - get_target_date_path:24 - 已经将日期为 2025-12-07 的路径 /data/app/output/nantong/20251207/20251207res.csv 添加到列表中。。
2025-12-11 18:11:56,652 - WARNING - get_target_date_path:27 - 其为 20251031 不属于指定时间 2025-12-01 到 2025-12-09
2025-12-11 18:11:56,652 - INFO - get_target_date_path:24 - 已经将日期为 2025-12-05 的路径 /data/app/output/nantong/20251205/20251205res.csv 添加到列表中。。
2025-12-11 18:11:56,652 - WARNING - get_target_date_path:27 - 其为 20251030 不属于指定时间 2025-12-01 到 2025-12-09
2025-12-11 18:11:56,653 - INFO - get_target_date_path:24 - 已经将日期为 2025-12-04 的路径 /data/app/output/nantong/20251204/20251204res.csv 添加到列表中。。
2025-12-11 18:11:56,653 - WARNING - get_target_date_path:27 - 其为 20251029 不属于指定时间 2025-12-01 到 2025-12-09
2025-12-11 18:11:56,653 - WARNING - get_target_date_path:27 - 其为 20251209 不属于指定时间 2025-12-01 到 2025-12-09
2025-12-11 18:11:56,653 - WARNING - get_target_date_path:27 - 其为 20251026 不属于指定时间 2025-12-01 到 2025-12-09
2025-12-11 18:11:56,653 - INFO - get_target_date_path:24 - 已经将日期为 2025-12-03 的路径 /data/app/output/nantong/20251203/20251203res.csv 添加到列表中。。
2025-12-11 18:11:56,653 - INFO - get_target_date_path:33 - 所要整合的日期的列表已经处理完毕，部分路径为 ['/data/app/output/nantong/20251208/20251208res.cs
2025-12-11 18:11:56,654 - INFO - get_target_date_path:38 - 正在整合任务列表路径中的历史数据中。。。
2025-12-11 18:11:56,655 - ERROR - get_target_date_path:45 - 在整合任务列表路径中的历史数据中出现：[Errno 2] No such file or directory: '/data/app/output/nantong/20251208/20251208res.csv'！！！
2025-12-11 18:11:56,655 - INFO - get_target_date_path:46 - 日期为 20251209 所要整合的历史数据已经整合完成。。。
2025-12-11 18:11:56,655 - INFO - anaylsis_history_main:253 - 正在根据历史数据对部分今日结果进行修改。。。
2025-12-11 18:11:56,655 - INFO - set_marks_by_histroy:214 - 正在对有历史数据和无历史数据的号码进行分离。。。
2025-12-11 18:11:57,326 - INFO - anaysis_visitors_fea_by_history:78 - 根据今日手机号码有无历史数据进行分离完成。。。
2025-12-11 18:11:57,331 - INFO - anaysis_visitors_fea_by_history:79 - 部分无历史数据的数据为：
        msisdn res
0  13003535701  低危
1  13003552988  低危
2  13003574993  中危
3  13003580707  低危
4  13003585509  中危
2025-12-11 18:11:57,332 - INFO - anaysis_visitors_fea_by_history:80 - 部分有历史数据的数据为：
Empty DataFrame
Columns: [msisdn, date_time_df2, res_history, res_now]
Index: []
2025-12-11 18:11:57,333 - INFO - set_marks_by_histroy:222 - 当前设置的风险等级分值为：{'紧急': 4, '高危': 3, '中危': 2, '低危': 1}
2025-12-11 18:11:57,333 - INFO - set_marks_by_histroy:224 - 正在对有历史数据的数据的今日结果进行修改中。。。
2025-12-11 18:11:57,334 - ERROR - set_marks_by_histroy:229 - 分离的历史数据存在问题
Empty DataFrame
Columns: [msisdn, date_time_df2, res_history, res_now, new_res]
Index: []。。。
2025-12-11 18:11:57,338 - INFO - set_marks_by_histroy:240 - 对历史数据的今日结果修改完成。。。
2025-12-11 18:11:57,344 - INFO - set_marks_by_histroy:241 - 部分最终结果数据为：
            msisdn res     new_res
0      13003535701  低危  低危，【无历史数据】
1      13003552988  低危  低危，【无历史数据】
2      13003574993  中危  中危，【无历史数据】
3      13003580707  低危  低危，【无历史数据】
4      13003585509  中危  中危，【无历史数据】
...            ...  ..         ...
12463  19954037070  低危  低危，【无历史数据】
12464  79638246436  低危  低危，【无历史数据】
12465  85253469328  低危  低危，【无历史数据】
12466  85265871411  低危  低危，【无历史数据】
12467  85294593223  低危  低危，【无历史数据】

[12468 rows x 3 columns]
2025-12-11 18:11:57,347 - INFO - anaylsis_history_main:259 - 结果数据的分布情况为：
new_res
低危，【无历史数据】    7945
中危，【无历史数据】    3059
高危，【无历史数据】    1444
紧急，【无历史数据】      20
Name: count, dtype: int64
2025-12-11 18:11:57,379 - INFO - model_classify_main:208 - 历史数据分析完成。。。
2025-12-11 18:11:57,379 - INFO - model_classify_main:211 - 正在根据涉诈网址类型调整访客风险等级中。。。
2025-12-11 18:11:57,379 - INFO - adjust_rank_by_type:88 - 正在加载并处理地点为--nantong--，日期为--20251209--的网址类型数据。。。
2025-12-11 18:11:57,379 - INFO - load_process_url_data:17 - 正在读取访客数据，其文件路径为：/data/risk_guest/nantong/20251209/访客数据.txt。。。
2025-12-11 18:11:57,552 - INFO - load_process_url_data:20 - 访客数据读取完成，其网址类型计数为：
host_type
色情博彩引流    54741
博彩诈骗      12886
招嫖诈骗      11634
非法分发      10311
防封系统       9787
其他诈骗       8266
裸聊诈骗       5806
理财诈骗       2250
刷单诈骗        500
贷款诈骗        106
虚假服务诈骗       37
非法加速器        19
客服系统         16
虚假购物诈骗        5
Name: count, dtype: int64
2025-12-11 18:11:57,553 - INFO - load_process_url_data:22 - 正在根据 msisdn 分组聚合网址类型。。。
2025-12-11 18:11:58,032 - INFO - load_process_url_data:27 - 根据 msisdn 分组聚合网址类型完成。。。
2025-12-11 18:11:58,032 - INFO - load_process_url_data:30 - 正在根据 网址类型列表 进行网址统计中。。。
2025-12-11 18:11:59,250 - INFO - load_process_url_data:35 - 网址类型统计完成其部分数据为：
        msisdn                                           访问网址类型列表  ... 访问网址主要类型次数                                       访问网址类型计数表
0  13003535701                                       [招嫖诈骗, 招嫖诈骗]  ...          2                                     {'招嫖诈骗': 2}
1  13003552988                                       [招嫖诈骗, 招嫖诈骗]  ...          2                                     {'招嫖诈骗': 2}
2  13003574993  [色情博彩引流, 色情博彩引流, 色情博彩引流, 色情博彩引流, 色情博彩引流, 色情博彩引...  ...          6                        {'色情博彩引流': 6, '博彩诈骗': 4}
3  13003580707                           [招嫖诈骗, 招嫖诈骗, 招嫖诈骗, 招嫖诈骗]  ...          4                                     {'招嫖诈骗': 4}
4  13003585509  [博彩诈骗, 博彩诈骗, 博彩诈骗, 博彩诈骗, 裸聊诈骗, 招嫖诈骗, 裸聊诈骗, 招嫖诈...  ...          4  {'博彩诈骗': 4, '裸聊诈骗': 4, '招嫖诈骗': 4, '色情博彩引流': 2}

[5 rows x 6 columns]。。。
2025-12-11 18:11:59,282 - INFO - adjust_rank_by_type:99 - 正在根据网址类型调整地点为--nantong--,日期为--20251209--的访客风险等级。。。
2025-12-11 18:11:59,613 - INFO - adjust_rank_by_type:104 - 根据网址类型进行访客风险等级更改已经完成。。。
2025-12-11 18:11:59,626 - INFO - adjust_rank_by_type:105 - 部分调整结果预览：
        msisdn  访问网址时间银行交易 final_label_res  ... 访问网址主要类型次数                 访问网址类型计数表   adjusted_res
0  13003535701           2              低危  ...          2               {'招嫖诈骗': 2}  低危，分类原因：【无调整】
1  13003574993          10              中危  ...          6  {'色情博彩引流': 6, '博彩诈骗': 4}  中危，分类原因：【无调整】
2  13003580707           4              低危  ...          4               {'招嫖诈骗': 4}  低危，分类原因：【无调整】
3  13013723881           2              低危  ...          2               {'非法分发': 2}  低危，分类原因：【无调整】
4  13024450273           0              低危  ...          2               {'招嫖诈骗': 2}  低危，分类原因：【无调整】

[5 rows x 9 columns]
2025-12-11 18:11:59,655 - INFO - model_classify_main:215 - 根据涉诈网址类型调整访客风险等级已经完成。。。
2025-12-11 18:11:59,656 - ERROR - visitors_rank_task:56 - 日期为--20251209--进行访客风险等级分级中出现name 'ffff' is not defined！！！
2025-12-11 18:11:59,661 - INFO - visitors_rank_task:59 - 日期为--20251209--进行访客风险等级分级已经完成，等待执行下一日期的定时任务中。。。
2025-12-11 18:12:33,035 - INFO - visitors_rank_task:24 - [2025-12-11 18:12:33] 执行定时任务！
2025-12-11 18:12:33,035 - INFO - visitors_rank_task:25 - [2025-12-11 18:12:33] 执行定时任务，开始处理日期为 20251209 的数据。。。
2025-12-11 18:12:33,035 - INFO - visitors_rank_task:35 - 正在进行日期为--20251209--的访客数据特征分析中。。。
2025-12-11 18:12:33,035 - INFO - feature_main:380 - 正在进行访客特征分析的日期为：20251209...
2025-12-11 18:12:33,035 - INFO - feature_main:384 - 正在读取的文件数据为：全量话单数据.txt...
2025-12-11 18:12:33,547 - INFO - feature_main:388 - 文件数据:全量话单数据.txt,已经读取完成！！！
2025-12-11 18:12:33,547 - INFO - feature_main:395 - 正在读取的文件数据为：短信数据.txt...
2025-12-11 18:12:33,762 - INFO - feature_main:399 - 文件数据:短信数据.txt,已经读取完成！！！
2025-12-11 18:12:33,762 - INFO - feature_main:406 - 正在读取的文件数据为：访客数据.txt...
2025-12-11 18:12:33,918 - INFO - feature_main:410 - 文件数据:访客数据.txt,已经读取完成！！！
2025-12-11 18:12:33,918 - INFO - feature_main:417 - 正在读取的文件数据为：手机号去重清单.txt...
2025-12-11 18:12:33,929 - INFO - feature_main:421 - 文件数据:手机号去重清单.txt,已经读取完成！！！
2025-12-11 18:12:33,929 - INFO - feature_main:428 - 正在读取的文件数据为：app银行类别的明细数据.txt...
2025-12-11 18:12:34,019 - INFO - feature_main:432 - 文件数据:app银行类别的明细数据.txt,已经读取完成！！！
2025-12-11 18:12:34,020 - INFO - feature_main:440 - 文件数据已经全部读取完成！！！
2025-12-11 18:12:34,020 - INFO - feature_main:442 - 正在进行数据预处理中。。。
2025-12-11 18:12:34,781 - INFO - feature_main:457 - 数据预处理已经全部完成！！！
2025-12-11 18:12:34,781 - INFO - feature_main:461 - 正在进行访客数据特征分析中。。。
2025-12-11 18:12:34,933 - INFO - comb_time:256 - 正在处理短信异常联系人。。。
2025-12-11 18:12:34,933 - INFO - select_usual_phone:90 - 正在处理特征为 操作时间 的异常联系人。。。
2025-12-11 18:12:34,935 - INFO - filter_needed_time_other:79 - 正在处理日期从 2025-12-01 00:00:00 到 2025-12-09 00:00:00
2025-12-11 18:12:34,982 - INFO - select_unusual_phone:108 - 正在进行 异常联系人 匹配中
2025-12-11 18:12:35,063 - INFO - comb_time:260 - 短信异常联系人已经处理完成！！！
2025-12-11 18:12:35,064 - INFO - comb_time:267 - 正在处理话单异常联系人。。。
2025-12-11 18:12:35,064 - INFO - select_usual_phone:90 - 正在处理特征为 通话时间 的异常联系人。。。
2025-12-11 18:12:35,065 - INFO - filter_needed_time_other:79 - 正在处理日期从 2025-12-01 00:00:00 到 2025-12-09 00:00:00
2025-12-11 18:12:35,125 - INFO - select_unusual_phone:108 - 正在进行 异常联系人 匹配中
2025-12-11 18:12:35,239 - INFO - comb_time:272 - 话单异常联系人已经处理完成！！！
2025-12-11 18:12:35,240 - INFO - comb_time:278 - 正在处理特征 访问网址时间银行交易 中。。。
2025-12-11 18:12:35,358 - INFO - comb_time:284 - 特征 访问网址时间银行交易 已经处理完成。。。
2025-12-11 18:12:35,359 - INFO - comb_time:291 - 正在处理特征 访问网址时间拨打电话 中。。。
2025-12-11 18:12:35,359 - INFO - log_message:60 - 正在进行 特征处理中。。。
2025-12-11 18:12:35,545 - INFO - comb_time:293 - 特征 访问网址时间拨打电话 已经处理完成。。。
2025-12-11 18:12:35,545 - INFO - comb_time:298 - 正在处理特征 访问网址时间接收电话 中。。。
2025-12-11 18:12:35,545 - INFO - log_message:60 - 正在进行 特征处理中。。。
2025-12-11 18:12:35,740 - INFO - comb_time:300 - 特征 访问网址时间接收电话 已经处理完成。。。
2025-12-11 18:12:35,740 - INFO - comb_time:305 - 正在处理特征 访问网址时间接收短信 中。。。
2025-12-11 18:12:35,740 - INFO - log_message:60 - 正在进行 特征处理中。。。
2025-12-11 18:12:35,753 - INFO - comb_time:307 - 特征 访问网址时间接收短信 已经处理完成。。。
2025-12-11 18:12:35,753 - INFO - comb_time:312 - 正在处理特征 访问网址时间发送短信 中。。。
2025-12-11 18:12:35,753 - INFO - log_message:60 - 正在进行 特征处理中。。。
2025-12-11 18:12:35,811 - INFO - comb_time:314 - 特征 访问网址时间发送短信 已经处理完成。。。
2025-12-11 18:12:35,811 - INFO - comb_time:319 - 正在处理特征 访问网址时间短信异常联系人 中。。。
2025-12-11 18:12:35,811 - INFO - log_message:60 - 正在进行 特征处理中。。。
2025-12-11 18:12:35,880 - INFO - comb_time:321 - 特征 访问网址时间短信异常联系人 已经处理完成。。。
2025-12-11 18:12:35,881 - INFO - comb_time:326 - 正在处理特征 访问网址时间话单异常联系人 中。。。
2025-12-11 18:12:35,881 - INFO - log_message:60 - 正在进行 特征处理中。。。
2025-12-11 18:12:35,952 - INFO - comb_time:328 - 特征 访问网址时间话单异常联系人 已经处理完成。。。
2025-12-11 18:12:36,119 - INFO - comb_time:338 - 正在进行分析手机号码的特征整合中。。。
2025-12-11 18:12:38,366 - INFO - feature_main:467 - 日期为--20251209--的访客数据特征分析完成！！！ 
2025-12-11 18:12:38,422 - INFO - feature_main:474 - 正在返回数据，部分数据为
         msisdn 访问网址时间拨打电话 访问网址时间接收电话 访问网址时间接收短信 访问网址时间发送短信 访问网址时间银行交易  ...     平均通话长度  最大通话长度  访问网址时间短信异常联系人 访问网址时间话单异常联系人  访问网址时间通话  访问网址时间短信
0  13003535701          0          0          0          0          2  ...  67.675676   655.0              0             0         0         0
1  13003574993          0          0          0          0         10  ...  33.138889   342.0              0             0         0         0
2  13003580707          0          0          0          0          4  ...  17.000000   189.0              0             0         0         0
3  13013723881          0          0          0          0          2  ...   7.727273    85.0              0             0         0         0
4  13024450273          0          0          0          0          0  ...   0.923077    12.0              0             0         0         0

[5 rows x 16 columns]
2025-12-11 18:12:38,494 - INFO - visitors_rank_task:41 - 正在进行日期为--20251209--的网信安数据特征分析中。。。
2025-12-11 18:12:38,494 - INFO - get_wxa_files:162 - 正在对网信安数据进行分类中。。。
2025-12-11 18:12:38,495 - INFO - classify_files:25 - 当前处理的文件的信息为 dco_high_risk_msisdn_clue_extend.csv
2025-12-11 18:12:38,495 - ERROR - classify_files:32 - 跳过不符合命名规范的文件: dco_high_risk_msisdn_clue_extend.csv
2025-12-11 18:12:38,495 - INFO - classify_files:25 - 当前处理的文件的信息为 dco_ai_warning_clue_extend.csv
2025-12-11 18:12:38,495 - ERROR - classify_files:32 - 跳过不符合命名规范的文件: dco_ai_warning_clue_extend.csv
2025-12-11 18:12:38,495 - INFO - classify_files:25 - 当前处理的文件的信息为 dco_involved_msisdn_clue_extend.csv
2025-12-11 18:12:38,495 - ERROR - classify_files:32 - 跳过不符合命名规范的文件: dco_involved_msisdn_clue_extend.csv
2025-12-11 18:12:38,495 - INFO - get_wxa_files:164 - 部分分类数据为：
 {'dco_ai_warning_clue_extend': [], 'dco_high_risk_msisdn_clue_extend': [], 'dco_involved_msisdn_clue
2025-12-11 18:12:38,495 - INFO - get_wxa_files:169 - 正在对网信安数据进行整合中。。。
2025-12-11 18:12:38,501 - INFO - wxa_data_concat:64 - 正在对分类结果遍历中。。。
2025-12-11 18:12:38,504 - INFO - get_wxa_files:181 - 部分AI预警数据为：
 Empty DataFrame
Columns: [msisdn, call_time, other_number]
Index: []
2025-12-11 18:12:38,504 - INFO - get_wxa_files:182 - 部分高危预警号码数据为：
 Empty DataFrame
Columns: [msisdn, call_time, other_number]
Index: []
2025-12-11 18:12:38,505 - INFO - get_wxa_files:183 - 部分案件号码数据为：
 Empty DataFrame
Columns: [msisdn, call_time, other_number]
Index: []
2025-12-11 18:12:38,510 - INFO - get_wxa_files:199 - 部分AI预警数据为：
 Empty DataFrame
Columns: [msisdn, call_time, other_number]
Index: []
2025-12-11 18:12:38,511 - INFO - get_wxa_files:200 - 部分高危预警号码数据为：
 Empty DataFrame
Columns: [msisdn, call_time, other_number]
Index: []
2025-12-11 18:12:38,512 - INFO - get_wxa_files:201 - 部分案件号码数据为：
 Empty DataFrame
Columns: [msisdn, call_time, other_number]
Index: []
2025-12-11 18:12:38,512 - INFO - wxa_feature_main:214 - 正在拉取从 2025-12-06 00:00:00 ----- 2025-12-10 00:00:00 时间的访客通联数据。。。
2025-12-11 18:12:38,515 - INFO - wxa_feature_main:220 - 正在统计从 2025-12-06 00:00:00 ----- 2025-12-10 00:00:00 时间的通联数据的对端号码。。。
2025-12-11 18:12:38,515 - INFO - wxa_feature_main:228 - 正在处理与AI预警通联特征中。。。
2025-12-11 18:12:38,526 - INFO - wxa_feature_main:230 - 与AI预警通联特征已经处理完毕！
2025-12-11 18:12:38,526 - INFO - wxa_feature_main:232 - 正在处理与高危号码通联特征中。。。
2025-12-11 18:12:38,545 - INFO - wxa_feature_main:234 - 与高危预警通联号码通联特征已经处理完毕！
2025-12-11 18:12:38,545 - INFO - wxa_feature_main:236 - 正在处理与案件号码通联特征中。。。
2025-12-11 18:12:38,571 - INFO - wxa_feature_main:238 - 与案件号码通联特征已经处理完毕！
2025-12-11 18:12:38,571 - INFO - wxa_feature_main:244 - 日期为--20251209--网信安数据特征已经处理完成。。。
2025-12-11 18:12:38,571 - INFO - visitors_rank_task:48 - 正在进行日期为--20251209--的访客风险等级分级中。。。
2025-12-11 18:12:38,571 - INFO - visitors_rank_task:49 - 准备进行地点为--nantong--的访客风险等级分级中。。。
2025-12-11 18:12:38,752 - INFO - model_classify_main:157 - 正在使用随机森林模型对数据集进行预测
2025-12-11 18:12:39,741 - INFO - model_classify_main:166 - 正在进行使用随机森林模型预测概率值进行访客分级。。。
2025-12-11 18:12:39,755 - INFO - model_classify_main:173 - 正在进行使用规则模型进行访客分级。。。
2025-12-11 18:12:40,632 - INFO - model_classify_main:178 - 正在进行使用综合规则模型进行访客分级。。。
2025-12-11 18:12:40,677 - INFO - model_classify_main:193 - 正在使用综合规则模型进行访客分级中。。。
2025-12-11 18:12:41,032 - INFO - model_classify_main:203 - 正在进行历史数据分析，对有历史数据的访客进行风险等级调整。。。
2025-12-11 18:12:41,032 - INFO - anaylsis_history_main:247 - 正在整合历史 7 天的结果数据中。。。
2025-12-11 18:12:41,032 - INFO - get_history_res:53 - 路径/data/app/output/nantong 下的部分日期为 ['20251208', '20251027', '20251202', '20251207', '
2025-12-11 18:12:41,033 - INFO - get_target_date_path:13 - 正在整合历史结果数据从 2025-12-01 到 2025-12-09 的数据。。。
2025-12-11 18:12:41,033 - INFO - get_target_date_path:24 - 已经将日期为 2025-12-08 的路径 /data/app/output/nantong/20251208/20251208res.csv 添加到列表中。。
2025-12-11 18:12:41,033 - WARNING - get_target_date_path:27 - 其为 20251027 不属于指定时间 2025-12-01 到 2025-12-09
2025-12-11 18:12:41,033 - INFO - get_target_date_path:24 - 已经将日期为 2025-12-02 的路径 /data/app/output/nantong/20251202/20251202res.csv 添加到列表中。。
2025-12-11 18:12:41,033 - INFO - get_target_date_path:24 - 已经将日期为 2025-12-07 的路径 /data/app/output/nantong/20251207/20251207res.csv 添加到列表中。。
2025-12-11 18:12:41,033 - WARNING - get_target_date_path:27 - 其为 20251031 不属于指定时间 2025-12-01 到 2025-12-09
2025-12-11 18:12:41,033 - INFO - get_target_date_path:24 - 已经将日期为 2025-12-05 的路径 /data/app/output/nantong/20251205/20251205res.csv 添加到列表中。。
2025-12-11 18:12:41,033 - WARNING - get_target_date_path:27 - 其为 20251030 不属于指定时间 2025-12-01 到 2025-12-09
2025-12-11 18:12:41,033 - INFO - get_target_date_path:24 - 已经将日期为 2025-12-04 的路径 /data/app/output/nantong/20251204/20251204res.csv 添加到列表中。。
2025-12-11 18:12:41,033 - WARNING - get_target_date_path:27 - 其为 20251029 不属于指定时间 2025-12-01 到 2025-12-09
2025-12-11 18:12:41,033 - WARNING - get_target_date_path:27 - 其为 20251209 不属于指定时间 2025-12-01 到 2025-12-09
2025-12-11 18:12:41,034 - WARNING - get_target_date_path:27 - 其为 20251026 不属于指定时间 2025-12-01 到 2025-12-09
2025-12-11 18:12:41,034 - INFO - get_target_date_path:24 - 已经将日期为 2025-12-03 的路径 /data/app/output/nantong/20251203/20251203res.csv 添加到列表中。。
2025-12-11 18:12:41,034 - INFO - get_target_date_path:33 - 所要整合的日期的列表已经处理完毕，部分路径为 ['/data/app/output/nantong/20251208/20251208res.cs
2025-12-11 18:12:41,035 - INFO - get_target_date_path:38 - 正在整合任务列表路径中的历史数据中。。。
2025-12-11 18:12:41,035 - ERROR - get_target_date_path:45 - 在整合任务列表路径中的历史数据中出现：[Errno 2] No such file or directory: '/data/app/output/nantong/20251208/20251208res.csv'！！！
2025-12-11 18:12:41,036 - INFO - get_target_date_path:46 - 日期为 20251209 所要整合的历史数据已经整合完成。。。
2025-12-11 18:12:41,036 - INFO - anaylsis_history_main:253 - 正在根据历史数据对部分今日结果进行修改。。。
2025-12-11 18:12:41,036 - INFO - set_marks_by_histroy:214 - 正在对有历史数据和无历史数据的号码进行分离。。。
2025-12-11 18:12:41,688 - INFO - anaysis_visitors_fea_by_history:78 - 根据今日手机号码有无历史数据进行分离完成。。。
2025-12-11 18:12:41,692 - INFO - anaysis_visitors_fea_by_history:79 - 部分无历史数据的数据为：
        msisdn res
0  13003535701  低危
1  13003552988  低危
2  13003574993  中危
3  13003580707  低危
4  13003585509  中危
2025-12-11 18:12:41,693 - INFO - anaysis_visitors_fea_by_history:80 - 部分有历史数据的数据为：
Empty DataFrame
Columns: [msisdn, date_time_df2, res_history, res_now]
Index: []
2025-12-11 18:12:41,694 - INFO - set_marks_by_histroy:222 - 当前设置的风险等级分值为：{'紧急': 4, '高危': 3, '中危': 2, '低危': 1}
2025-12-11 18:12:41,694 - INFO - set_marks_by_histroy:224 - 正在对有历史数据的数据的今日结果进行修改中。。。
2025-12-11 18:12:41,695 - ERROR - set_marks_by_histroy:229 - 分离的历史数据存在问题
Empty DataFrame
Columns: [msisdn, date_time_df2, res_history, res_now, new_res]
Index: []。。。
2025-12-11 18:12:41,699 - INFO - set_marks_by_histroy:240 - 对历史数据的今日结果修改完成。。。
2025-12-11 18:12:41,705 - INFO - set_marks_by_histroy:241 - 部分最终结果数据为：
            msisdn res     new_res
0      13003535701  低危  低危，【无历史数据】
1      13003552988  低危  低危，【无历史数据】
2      13003574993  中危  中危，【无历史数据】
3      13003580707  低危  低危，【无历史数据】
4      13003585509  中危  中危，【无历史数据】
...            ...  ..         ...
12463  19954037070  低危  低危，【无历史数据】
12464  79638246436  低危  低危，【无历史数据】
12465  85253469328  低危  低危，【无历史数据】
12466  85265871411  低危  低危，【无历史数据】
12467  85294593223  低危  低危，【无历史数据】

[12468 rows x 3 columns]
2025-12-11 18:12:41,708 - INFO - anaylsis_history_main:259 - 结果数据的分布情况为：
new_res
低危，【无历史数据】    7945
中危，【无历史数据】    3059
高危，【无历史数据】    1444
紧急，【无历史数据】      20
Name: count, dtype: int64
2025-12-11 18:12:41,739 - INFO - model_classify_main:208 - 历史数据分析完成。。。
2025-12-11 18:12:41,739 - INFO - model_classify_main:211 - 正在根据涉诈网址类型调整访客风险等级中。。。
2025-12-11 18:12:41,739 - INFO - adjust_rank_by_type:88 - 正在加载并处理地点为--nantong--，日期为--20251209--的网址类型数据。。。
2025-12-11 18:12:41,739 - INFO - load_process_url_data:17 - 正在读取访客数据，其文件路径为：/data/risk_guest/nantong/20251209/访客数据.txt。。。
2025-12-11 18:12:41,918 - INFO - load_process_url_data:20 - 访客数据读取完成，其网址类型计数为：
host_type
色情博彩引流    54741
博彩诈骗      12886
招嫖诈骗      11634
非法分发      10311
防封系统       9787
其他诈骗       8266
裸聊诈骗       5806
理财诈骗       2250
刷单诈骗        500
贷款诈骗        106
虚假服务诈骗       37
非法加速器        19
客服系统         16
虚假购物诈骗        5
Name: count, dtype: int64
2025-12-11 18:12:41,920 - INFO - load_process_url_data:22 - 正在根据 msisdn 分组聚合网址类型。。。
2025-12-11 18:12:42,385 - INFO - load_process_url_data:27 - 根据 msisdn 分组聚合网址类型完成。。。
2025-12-11 18:12:42,385 - INFO - load_process_url_data:30 - 正在根据 网址类型列表 进行网址统计中。。。
2025-12-11 18:12:43,556 - INFO - load_process_url_data:35 - 网址类型统计完成其部分数据为：
        msisdn                                           访问网址类型列表  ... 访问网址主要类型次数                                       访问网址类型计数表
0  13003535701                                       [招嫖诈骗, 招嫖诈骗]  ...          2                                     {'招嫖诈骗': 2}
1  13003552988                                       [招嫖诈骗, 招嫖诈骗]  ...          2                                     {'招嫖诈骗': 2}
2  13003574993  [色情博彩引流, 色情博彩引流, 色情博彩引流, 色情博彩引流, 色情博彩引流, 色情博彩引...  ...          6                        {'色情博彩引流': 6, '博彩诈骗': 4}
3  13003580707                           [招嫖诈骗, 招嫖诈骗, 招嫖诈骗, 招嫖诈骗]  ...          4                                     {'招嫖诈骗': 4}
4  13003585509  [博彩诈骗, 博彩诈骗, 博彩诈骗, 博彩诈骗, 裸聊诈骗, 招嫖诈骗, 裸聊诈骗, 招嫖诈...  ...          4  {'博彩诈骗': 4, '裸聊诈骗': 4, '招嫖诈骗': 4, '色情博彩引流': 2}

[5 rows x 6 columns]。。。
2025-12-11 18:12:43,588 - INFO - adjust_rank_by_type:99 - 正在根据网址类型调整地点为--nantong--,日期为--20251209--的访客风险等级。。。
2025-12-11 18:12:43,929 - INFO - adjust_rank_by_type:104 - 根据网址类型进行访客风险等级更改已经完成。。。
2025-12-11 18:12:43,942 - INFO - adjust_rank_by_type:105 - 部分调整结果预览：
        msisdn  访问网址时间银行交易 final_label_res  ... 访问网址主要类型次数                 访问网址类型计数表   adjusted_res
0  13003535701           2              低危  ...          2               {'招嫖诈骗': 2}  低危，分类原因：【无调整】
1  13003574993          10              中危  ...          6  {'色情博彩引流': 6, '博彩诈骗': 4}  中危，分类原因：【无调整】
2  13003580707           4              低危  ...          4               {'招嫖诈骗': 4}  低危，分类原因：【无调整】
3  13013723881           2              低危  ...          2               {'非法分发': 2}  低危，分类原因：【无调整】
4  13024450273           0              低危  ...          2               {'招嫖诈骗': 2}  低危，分类原因：【无调整】

[5 rows x 9 columns]
2025-12-11 18:12:43,974 - INFO - model_classify_main:215 - 根据涉诈网址类型调整访客风险等级已经完成。。。
2025-12-11 18:12:43,975 - ERROR - visitors_rank_task:56 - 日期为--20251209--进行访客风险等级分级中出现"['host_type_lable_res'] not in index"！！！
2025-12-11 18:12:43,980 - INFO - visitors_rank_task:59 - 日期为--20251209--进行访客风险等级分级已经完成，等待执行下一日期的定时任务中。。。
2025-12-11 18:13:40,356 - INFO - visitors_rank_task:24 - [2025-12-11 18:13:40] 执行定时任务！
2025-12-11 18:13:40,356 - INFO - visitors_rank_task:25 - [2025-12-11 18:13:40] 执行定时任务，开始处理日期为 20251209 的数据。。。
2025-12-11 18:13:40,356 - INFO - visitors_rank_task:35 - 正在进行日期为--20251209--的访客数据特征分析中。。。
2025-12-11 18:13:40,356 - INFO - feature_main:380 - 正在进行访客特征分析的日期为：20251209...
2025-12-11 18:13:40,356 - INFO - feature_main:384 - 正在读取的文件数据为：全量话单数据.txt...
2025-12-11 18:13:40,862 - INFO - feature_main:388 - 文件数据:全量话单数据.txt,已经读取完成！！！
2025-12-11 18:13:40,862 - INFO - feature_main:395 - 正在读取的文件数据为：短信数据.txt...
2025-12-11 18:13:41,080 - INFO - feature_main:399 - 文件数据:短信数据.txt,已经读取完成！！！
2025-12-11 18:13:41,080 - INFO - feature_main:406 - 正在读取的文件数据为：访客数据.txt...
2025-12-11 18:13:41,236 - INFO - feature_main:410 - 文件数据:访客数据.txt,已经读取完成！！！
2025-12-11 18:13:41,236 - INFO - feature_main:417 - 正在读取的文件数据为：手机号去重清单.txt...
2025-12-11 18:13:41,247 - INFO - feature_main:421 - 文件数据:手机号去重清单.txt,已经读取完成！！！
2025-12-11 18:13:41,247 - INFO - feature_main:428 - 正在读取的文件数据为：app银行类别的明细数据.txt...
2025-12-11 18:13:41,341 - INFO - feature_main:432 - 文件数据:app银行类别的明细数据.txt,已经读取完成！！！
2025-12-11 18:13:41,342 - INFO - feature_main:440 - 文件数据已经全部读取完成！！！
2025-12-11 18:13:41,343 - INFO - feature_main:442 - 正在进行数据预处理中。。。
2025-12-11 18:13:42,130 - INFO - feature_main:457 - 数据预处理已经全部完成！！！
2025-12-11 18:13:42,131 - INFO - feature_main:461 - 正在进行访客数据特征分析中。。。
2025-12-11 18:13:42,344 - INFO - comb_time:256 - 正在处理短信异常联系人。。。
2025-12-11 18:13:42,344 - INFO - select_usual_phone:90 - 正在处理特征为 操作时间 的异常联系人。。。
2025-12-11 18:13:42,346 - INFO - filter_needed_time_other:79 - 正在处理日期从 2025-12-01 00:00:00 到 2025-12-09 00:00:00
2025-12-11 18:13:42,397 - INFO - select_unusual_phone:108 - 正在进行 异常联系人 匹配中
2025-12-11 18:13:42,479 - INFO - comb_time:260 - 短信异常联系人已经处理完成！！！
2025-12-11 18:13:42,479 - INFO - comb_time:267 - 正在处理话单异常联系人。。。
2025-12-11 18:13:42,479 - INFO - select_usual_phone:90 - 正在处理特征为 通话时间 的异常联系人。。。
2025-12-11 18:13:42,481 - INFO - filter_needed_time_other:79 - 正在处理日期从 2025-12-01 00:00:00 到 2025-12-09 00:00:00
2025-12-11 18:13:42,544 - INFO - select_unusual_phone:108 - 正在进行 异常联系人 匹配中
2025-12-11 18:13:42,660 - INFO - comb_time:272 - 话单异常联系人已经处理完成！！！
2025-12-11 18:13:42,661 - INFO - comb_time:278 - 正在处理特征 访问网址时间银行交易 中。。。
2025-12-11 18:13:42,781 - INFO - comb_time:284 - 特征 访问网址时间银行交易 已经处理完成。。。
2025-12-11 18:13:42,781 - INFO - comb_time:291 - 正在处理特征 访问网址时间拨打电话 中。。。
2025-12-11 18:13:42,781 - INFO - log_message:60 - 正在进行 特征处理中。。。
2025-12-11 18:13:42,971 - INFO - comb_time:293 - 特征 访问网址时间拨打电话 已经处理完成。。。
2025-12-11 18:13:42,971 - INFO - comb_time:298 - 正在处理特征 访问网址时间接收电话 中。。。
2025-12-11 18:13:42,971 - INFO - log_message:60 - 正在进行 特征处理中。。。
2025-12-11 18:13:43,179 - INFO - comb_time:300 - 特征 访问网址时间接收电话 已经处理完成。。。
2025-12-11 18:13:43,180 - INFO - comb_time:305 - 正在处理特征 访问网址时间接收短信 中。。。
2025-12-11 18:13:43,180 - INFO - log_message:60 - 正在进行 特征处理中。。。
2025-12-11 18:13:43,194 - INFO - comb_time:307 - 特征 访问网址时间接收短信 已经处理完成。。。
2025-12-11 18:13:43,194 - INFO - comb_time:312 - 正在处理特征 访问网址时间发送短信 中。。。
2025-12-11 18:13:43,195 - INFO - log_message:60 - 正在进行 特征处理中。。。
2025-12-11 18:13:43,252 - INFO - comb_time:314 - 特征 访问网址时间发送短信 已经处理完成。。。
2025-12-11 18:13:43,252 - INFO - comb_time:319 - 正在处理特征 访问网址时间短信异常联系人 中。。。
2025-12-11 18:13:43,252 - INFO - log_message:60 - 正在进行 特征处理中。。。
2025-12-11 18:13:43,322 - INFO - comb_time:321 - 特征 访问网址时间短信异常联系人 已经处理完成。。。
2025-12-11 18:13:43,322 - INFO - comb_time:326 - 正在处理特征 访问网址时间话单异常联系人 中。。。
2025-12-11 18:13:43,322 - INFO - log_message:60 - 正在进行 特征处理中。。。
2025-12-11 18:13:43,396 - INFO - comb_time:328 - 特征 访问网址时间话单异常联系人 已经处理完成。。。
2025-12-11 18:13:43,564 - INFO - comb_time:338 - 正在进行分析手机号码的特征整合中。。。
2025-12-11 18:13:45,814 - INFO - feature_main:467 - 日期为--20251209--的访客数据特征分析完成！！！ 
2025-12-11 18:13:45,872 - INFO - feature_main:474 - 正在返回数据，部分数据为
         msisdn 访问网址时间拨打电话 访问网址时间接收电话 访问网址时间接收短信 访问网址时间发送短信 访问网址时间银行交易  ...     平均通话长度  最大通话长度  访问网址时间短信异常联系人 访问网址时间话单异常联系人  访问网址时间通话  访问网址时间短信
0  13003535701          0          0          0          0          2  ...  67.675676   655.0              0             0         0         0
1  13003574993          0          0          0          0         10  ...  33.138889   342.0              0             0         0         0
2  13003580707          0          0          0          0          4  ...  17.000000   189.0              0             0         0         0
3  13013723881          0          0          0          0          2  ...   7.727273    85.0              0             0         0         0
4  13024450273          0          0          0          0          0  ...   0.923077    12.0              0             0         0         0

[5 rows x 16 columns]
2025-12-11 18:13:46,009 - INFO - visitors_rank_task:41 - 正在进行日期为--20251209--的网信安数据特征分析中。。。
2025-12-11 18:13:46,010 - INFO - get_wxa_files:162 - 正在对网信安数据进行分类中。。。
2025-12-11 18:13:46,010 - INFO - classify_files:25 - 当前处理的文件的信息为 dco_high_risk_msisdn_clue_extend.csv
2025-12-11 18:13:46,011 - ERROR - classify_files:32 - 跳过不符合命名规范的文件: dco_high_risk_msisdn_clue_extend.csv
2025-12-11 18:13:46,011 - INFO - classify_files:25 - 当前处理的文件的信息为 dco_ai_warning_clue_extend.csv
2025-12-11 18:13:46,011 - ERROR - classify_files:32 - 跳过不符合命名规范的文件: dco_ai_warning_clue_extend.csv
2025-12-11 18:13:46,011 - INFO - classify_files:25 - 当前处理的文件的信息为 dco_involved_msisdn_clue_extend.csv
2025-12-11 18:13:46,011 - ERROR - classify_files:32 - 跳过不符合命名规范的文件: dco_involved_msisdn_clue_extend.csv
2025-12-11 18:13:46,011 - INFO - get_wxa_files:164 - 部分分类数据为：
 {'dco_ai_warning_clue_extend': [], 'dco_high_risk_msisdn_clue_extend': [], 'dco_involved_msisdn_clue
2025-12-11 18:13:46,011 - INFO - get_wxa_files:169 - 正在对网信安数据进行整合中。。。
2025-12-11 18:13:46,018 - INFO - wxa_data_concat:64 - 正在对分类结果遍历中。。。
2025-12-11 18:13:46,021 - INFO - get_wxa_files:181 - 部分AI预警数据为：
 Empty DataFrame
Columns: [msisdn, call_time, other_number]
Index: []
2025-12-11 18:13:46,022 - INFO - get_wxa_files:182 - 部分高危预警号码数据为：
 Empty DataFrame
Columns: [msisdn, call_time, other_number]
Index: []
2025-12-11 18:13:46,023 - INFO - get_wxa_files:183 - 部分案件号码数据为：
 Empty DataFrame
Columns: [msisdn, call_time, other_number]
Index: []
2025-12-11 18:13:46,029 - INFO - get_wxa_files:199 - 部分AI预警数据为：
 Empty DataFrame
Columns: [msisdn, call_time, other_number]
Index: []
2025-12-11 18:13:46,030 - INFO - get_wxa_files:200 - 部分高危预警号码数据为：
 Empty DataFrame
Columns: [msisdn, call_time, other_number]
Index: []
2025-12-11 18:13:46,030 - INFO - get_wxa_files:201 - 部分案件号码数据为：
 Empty DataFrame
Columns: [msisdn, call_time, other_number]
Index: []
2025-12-11 18:13:46,031 - INFO - wxa_feature_main:214 - 正在拉取从 2025-12-06 00:00:00 ----- 2025-12-10 00:00:00 时间的访客通联数据。。。
2025-12-11 18:13:46,034 - INFO - wxa_feature_main:220 - 正在统计从 2025-12-06 00:00:00 ----- 2025-12-10 00:00:00 时间的通联数据的对端号码。。。
2025-12-11 18:13:46,034 - INFO - wxa_feature_main:228 - 正在处理与AI预警通联特征中。。。
2025-12-11 18:13:46,045 - INFO - wxa_feature_main:230 - 与AI预警通联特征已经处理完毕！
2025-12-11 18:13:46,046 - INFO - wxa_feature_main:232 - 正在处理与高危号码通联特征中。。。
2025-12-11 18:13:46,057 - INFO - wxa_feature_main:234 - 与高危预警通联号码通联特征已经处理完毕！
2025-12-11 18:13:46,057 - INFO - wxa_feature_main:236 - 正在处理与案件号码通联特征中。。。
2025-12-11 18:13:46,068 - INFO - wxa_feature_main:238 - 与案件号码通联特征已经处理完毕！
2025-12-11 18:13:46,068 - INFO - wxa_feature_main:244 - 日期为--20251209--网信安数据特征已经处理完成。。。
2025-12-11 18:13:46,068 - INFO - visitors_rank_task:48 - 正在进行日期为--20251209--的访客风险等级分级中。。。
2025-12-11 18:13:46,068 - INFO - visitors_rank_task:49 - 准备进行地点为--nantong--的访客风险等级分级中。。。
2025-12-11 18:13:46,158 - INFO - model_classify_main:157 - 正在使用随机森林模型对数据集进行预测
2025-12-11 18:13:47,152 - INFO - model_classify_main:166 - 正在进行使用随机森林模型预测概率值进行访客分级。。。
2025-12-11 18:13:47,167 - INFO - model_classify_main:173 - 正在进行使用规则模型进行访客分级。。。
2025-12-11 18:13:47,997 - INFO - model_classify_main:178 - 正在进行使用综合规则模型进行访客分级。。。
2025-12-11 18:13:48,038 - INFO - model_classify_main:193 - 正在使用综合规则模型进行访客分级中。。。
2025-12-11 18:13:48,371 - INFO - model_classify_main:203 - 正在进行历史数据分析，对有历史数据的访客进行风险等级调整。。。
2025-12-11 18:13:48,371 - INFO - anaylsis_history_main:247 - 正在整合历史 7 天的结果数据中。。。
2025-12-11 18:13:48,371 - INFO - get_history_res:53 - 路径/data/app/output/nantong 下的部分日期为 ['20251208', '20251027', '20251202', '20251207', '
2025-12-11 18:13:48,371 - INFO - get_target_date_path:13 - 正在整合历史结果数据从 2025-12-01 到 2025-12-09 的数据。。。
2025-12-11 18:13:48,371 - INFO - get_target_date_path:24 - 已经将日期为 2025-12-08 的路径 /data/app/output/nantong/20251208/20251208res.csv 添加到列表中。。
2025-12-11 18:13:48,371 - WARNING - get_target_date_path:27 - 其为 20251027 不属于指定时间 2025-12-01 到 2025-12-09
2025-12-11 18:13:48,371 - INFO - get_target_date_path:24 - 已经将日期为 2025-12-02 的路径 /data/app/output/nantong/20251202/20251202res.csv 添加到列表中。。
2025-12-11 18:13:48,371 - INFO - get_target_date_path:24 - 已经将日期为 2025-12-07 的路径 /data/app/output/nantong/20251207/20251207res.csv 添加到列表中。。
2025-12-11 18:13:48,371 - WARNING - get_target_date_path:27 - 其为 20251031 不属于指定时间 2025-12-01 到 2025-12-09
2025-12-11 18:13:48,372 - INFO - get_target_date_path:24 - 已经将日期为 2025-12-05 的路径 /data/app/output/nantong/20251205/20251205res.csv 添加到列表中。。
2025-12-11 18:13:48,372 - WARNING - get_target_date_path:27 - 其为 20251030 不属于指定时间 2025-12-01 到 2025-12-09
2025-12-11 18:13:48,372 - INFO - get_target_date_path:24 - 已经将日期为 2025-12-04 的路径 /data/app/output/nantong/20251204/20251204res.csv 添加到列表中。。
2025-12-11 18:13:48,372 - WARNING - get_target_date_path:27 - 其为 20251029 不属于指定时间 2025-12-01 到 2025-12-09
2025-12-11 18:13:48,372 - WARNING - get_target_date_path:27 - 其为 20251209 不属于指定时间 2025-12-01 到 2025-12-09
2025-12-11 18:13:48,372 - WARNING - get_target_date_path:27 - 其为 20251026 不属于指定时间 2025-12-01 到 2025-12-09
2025-12-11 18:13:48,372 - INFO - get_target_date_path:24 - 已经将日期为 2025-12-03 的路径 /data/app/output/nantong/20251203/20251203res.csv 添加到列表中。。
2025-12-11 18:13:48,372 - INFO - get_target_date_path:33 - 所要整合的日期的列表已经处理完毕，部分路径为 ['/data/app/output/nantong/20251208/20251208res.cs
2025-12-11 18:13:48,373 - INFO - get_target_date_path:38 - 正在整合任务列表路径中的历史数据中。。。
2025-12-11 18:13:48,373 - ERROR - get_target_date_path:45 - 在整合任务列表路径中的历史数据中出现：[Errno 2] No such file or directory: '/data/app/output/nantong/20251208/20251208res.csv'！！！
2025-12-11 18:13:48,373 - INFO - get_target_date_path:46 - 日期为 20251209 所要整合的历史数据已经整合完成。。。
2025-12-11 18:13:48,373 - INFO - anaylsis_history_main:253 - 正在根据历史数据对部分今日结果进行修改。。。
2025-12-11 18:13:48,373 - INFO - set_marks_by_histroy:214 - 正在对有历史数据和无历史数据的号码进行分离。。。
2025-12-11 18:13:48,991 - INFO - anaysis_visitors_fea_by_history:78 - 根据今日手机号码有无历史数据进行分离完成。。。
2025-12-11 18:13:48,995 - INFO - anaysis_visitors_fea_by_history:79 - 部分无历史数据的数据为：
        msisdn res
0  13003535701  低危
1  13003552988  低危
2  13003574993  中危
3  13003580707  低危
4  13003585509  中危
2025-12-11 18:13:48,996 - INFO - anaysis_visitors_fea_by_history:80 - 部分有历史数据的数据为：
Empty DataFrame
Columns: [msisdn, date_time_df2, res_history, res_now]
Index: []
2025-12-11 18:13:48,996 - INFO - set_marks_by_histroy:222 - 当前设置的风险等级分值为：{'紧急': 4, '高危': 3, '中危': 2, '低危': 1}
2025-12-11 18:13:48,997 - INFO - set_marks_by_histroy:224 - 正在对有历史数据的数据的今日结果进行修改中。。。
2025-12-11 18:13:48,998 - ERROR - set_marks_by_histroy:229 - 分离的历史数据存在问题
Empty DataFrame
Columns: [msisdn, date_time_df2, res_history, res_now, new_res]
Index: []。。。
2025-12-11 18:13:49,003 - INFO - set_marks_by_histroy:240 - 对历史数据的今日结果修改完成。。。
2025-12-11 18:13:49,008 - INFO - set_marks_by_histroy:241 - 部分最终结果数据为：
            msisdn res     new_res
0      13003535701  低危  低危，【无历史数据】
1      13003552988  低危  低危，【无历史数据】
2      13003574993  中危  中危，【无历史数据】
3      13003580707  低危  低危，【无历史数据】
4      13003585509  中危  中危，【无历史数据】
...            ...  ..         ...
12463  19954037070  低危  低危，【无历史数据】
12464  79638246436  低危  低危，【无历史数据】
12465  85253469328  低危  低危，【无历史数据】
12466  85265871411  低危  低危，【无历史数据】
12467  85294593223  低危  低危，【无历史数据】

[12468 rows x 3 columns]
2025-12-11 18:13:49,011 - INFO - anaylsis_history_main:259 - 结果数据的分布情况为：
new_res
低危，【无历史数据】    7945
中危，【无历史数据】    3059
高危，【无历史数据】    1444
紧急，【无历史数据】      20
Name: count, dtype: int64
2025-12-11 18:13:49,043 - INFO - model_classify_main:208 - 历史数据分析完成。。。
2025-12-11 18:13:49,044 - INFO - model_classify_main:211 - 正在根据涉诈网址类型调整访客风险等级中。。。
2025-12-11 18:13:49,044 - INFO - adjust_rank_by_type:88 - 正在加载并处理地点为--nantong--，日期为--20251209--的网址类型数据。。。
2025-12-11 18:13:49,044 - INFO - load_process_url_data:17 - 正在读取访客数据，其文件路径为：/data/risk_guest/nantong/20251209/访客数据.txt。。。
2025-12-11 18:13:49,215 - INFO - load_process_url_data:20 - 访客数据读取完成，其网址类型计数为：
host_type
色情博彩引流    54741
博彩诈骗      12886
招嫖诈骗      11634
非法分发      10311
防封系统       9787
其他诈骗       8266
裸聊诈骗       5806
理财诈骗       2250
刷单诈骗        500
贷款诈骗        106
虚假服务诈骗       37
非法加速器        19
客服系统         16
虚假购物诈骗        5
Name: count, dtype: int64
2025-12-11 18:13:49,217 - INFO - load_process_url_data:22 - 正在根据 msisdn 分组聚合网址类型。。。
2025-12-11 18:13:49,680 - INFO - load_process_url_data:27 - 根据 msisdn 分组聚合网址类型完成。。。
2025-12-11 18:13:49,680 - INFO - load_process_url_data:30 - 正在根据 网址类型列表 进行网址统计中。。。
2025-12-11 18:13:50,860 - INFO - load_process_url_data:35 - 网址类型统计完成其部分数据为：
        msisdn                                           访问网址类型列表  ... 访问网址主要类型次数                                       访问网址类型计数表
0  13003535701                                       [招嫖诈骗, 招嫖诈骗]  ...          2                                     {'招嫖诈骗': 2}
1  13003552988                                       [招嫖诈骗, 招嫖诈骗]  ...          2                                     {'招嫖诈骗': 2}
2  13003574993  [色情博彩引流, 色情博彩引流, 色情博彩引流, 色情博彩引流, 色情博彩引流, 色情博彩引...  ...          6                        {'色情博彩引流': 6, '博彩诈骗': 4}
3  13003580707                           [招嫖诈骗, 招嫖诈骗, 招嫖诈骗, 招嫖诈骗]  ...          4                                     {'招嫖诈骗': 4}
4  13003585509  [博彩诈骗, 博彩诈骗, 博彩诈骗, 博彩诈骗, 裸聊诈骗, 招嫖诈骗, 裸聊诈骗, 招嫖诈...  ...          4  {'博彩诈骗': 4, '裸聊诈骗': 4, '招嫖诈骗': 4, '色情博彩引流': 2}

[5 rows x 6 columns]。。。
2025-12-11 18:13:50,897 - INFO - adjust_rank_by_type:99 - 正在根据网址类型调整地点为--nantong--,日期为--20251209--的访客风险等级。。。
2025-12-11 18:13:51,223 - INFO - adjust_rank_by_type:104 - 根据网址类型进行访客风险等级更改已经完成。。。
2025-12-11 18:13:51,237 - INFO - adjust_rank_by_type:105 - 部分调整结果预览：
        msisdn  访问网址时间银行交易 final_label_res  ... 访问网址主要类型次数                 访问网址类型计数表   adjusted_res
0  13003535701           2              低危  ...          2               {'招嫖诈骗': 2}  低危，分类原因：【无调整】
1  13003574993          10              中危  ...          6  {'色情博彩引流': 6, '博彩诈骗': 4}  中危，分类原因：【无调整】
2  13003580707           4              低危  ...          4               {'招嫖诈骗': 4}  低危，分类原因：【无调整】
3  13013723881           2              低危  ...          2               {'非法分发': 2}  低危，分类原因：【无调整】
4  13024450273           0              低危  ...          2               {'招嫖诈骗': 2}  低危，分类原因：【无调整】

[5 rows x 9 columns]
2025-12-11 18:13:51,269 - INFO - model_classify_main:215 - 根据涉诈网址类型调整访客风险等级已经完成。。。
2025-12-11 18:13:51,283 - INFO - model_classify_main:237 - 正在导出涉诈网址访客风险等级分级，其路径为/data/app/output/nantong/20251209/20251209res.csv
2025-12-11 18:13:51,323 - INFO - model_classify_main:239 - 导出的涉诈网址访客风险等级分级结果部分为
         msisdn date_time res                                             reason
0  13003535701  20251209  低危                                          分类原因：【无。】
1  13003574993  20251209  中危  分类原因：【随机森林模型分类为“中危”,最终分类结果为中危。其中随机森林的预测概率为：0.5...
2  13003580707  20251209  低危                                          分类原因：【无。】
3  13013723881  20251209  低危                                          分类原因：【无。】
4  13024450273  20251209  低危                                          分类原因：【无。】
2025-12-11 18:13:51,325 - INFO - model_classify_main:240 - 导出的涉诈网址访客风险等级分级结果计数为
 res
低危    7945
中危    3049
高危    1434
紧急      40
Name: count, dtype: int64
2025-12-11 18:13:51,326 - INFO - model_classify_main:253 - 正在导出涉诈网址访客特征和模型分类数据，其路径为/data/app/output/nantong/20251209/20251209feature_and_model_data.csv
2025-12-11 18:13:51,492 - INFO - model_classify_main:255 - 导出的涉诈网址访客风特征和模型分类数据
         msisdn  访问网址时间拨打电话  访问网址时间接收电话  访问网址时间接收短信  ...  history_label_res  history_label_reason  host_type_label_res  host_type_label_reason
0  13003535701           0           0           0  ...                 低危               【无历史数据】                   低危              分类原因：【无调整】
1  13003574993           0           0           0  ...                 中危               【无历史数据】                   中危              分类原因：【无调整】
2  13003580707           0           0           0  ...                 低危               【无历史数据】                   低危              分类原因：【无调整】
3  13013723881           0           0           0  ...                 低危               【无历史数据】                   低危              分类原因：【无调整】
4  13024450273           0           0           0  ...                 低危               【无历史数据】                   低危              分类原因：【无调整】

[5 rows x 27 columns]
2025-12-11 18:13:51,493 - INFO - model_classify_main:259 - 日期为--20251209--的数据风险等级分级已经完成！！！
2025-12-11 18:13:51,500 - INFO - visitors_rank_task:59 - 日期为--20251209--进行访客风险等级分级已经完成，等待执行下一日期的定时任务中。。。
2025-12-11 18:17:35,099 - INFO - visitors_rank_task:24 - [2025-12-11 18:17:35] 执行定时任务！
2025-12-11 18:17:35,099 - INFO - visitors_rank_task:25 - [2025-12-11 18:17:35] 执行定时任务，开始处理日期为 20251209 的数据。。。
2025-12-11 18:17:35,100 - INFO - visitors_rank_task:35 - 正在进行日期为--20251209--的访客数据特征分析中。。。
2025-12-11 18:17:35,100 - INFO - feature_main:380 - 正在进行访客特征分析的日期为：20251209...
2025-12-11 18:17:35,100 - INFO - feature_main:384 - 正在读取的文件数据为：全量话单数据.txt...
2025-12-11 18:17:35,597 - INFO - feature_main:388 - 文件数据:全量话单数据.txt,已经读取完成！！！
2025-12-11 18:17:35,597 - INFO - feature_main:395 - 正在读取的文件数据为：短信数据.txt...
2025-12-11 18:17:35,812 - INFO - feature_main:399 - 文件数据:短信数据.txt,已经读取完成！！！
2025-12-11 18:17:35,812 - INFO - feature_main:406 - 正在读取的文件数据为：访客数据.txt...
2025-12-11 18:17:35,968 - INFO - feature_main:410 - 文件数据:访客数据.txt,已经读取完成！！！
2025-12-11 18:17:35,968 - INFO - feature_main:417 - 正在读取的文件数据为：手机号去重清单.txt...
2025-12-11 18:17:35,980 - INFO - feature_main:421 - 文件数据:手机号去重清单.txt,已经读取完成！！！
2025-12-11 18:17:35,980 - INFO - feature_main:428 - 正在读取的文件数据为：app银行类别的明细数据.txt...
2025-12-11 18:17:36,069 - INFO - feature_main:432 - 文件数据:app银行类别的明细数据.txt,已经读取完成！！！
2025-12-11 18:17:36,069 - INFO - feature_main:440 - 文件数据已经全部读取完成！！！
2025-12-11 18:17:36,069 - INFO - feature_main:442 - 正在进行数据预处理中。。。
2025-12-11 18:17:36,833 - INFO - feature_main:457 - 数据预处理已经全部完成！！！
2025-12-11 18:17:36,833 - INFO - feature_main:461 - 正在进行访客数据特征分析中。。。
2025-12-11 18:17:36,983 - INFO - comb_time:256 - 正在处理短信异常联系人。。。
2025-12-11 18:17:36,983 - INFO - select_usual_phone:90 - 正在处理特征为 操作时间 的异常联系人。。。
2025-12-11 18:17:36,984 - INFO - filter_needed_time_other:79 - 正在处理日期从 2025-12-01 00:00:00 到 2025-12-09 00:00:00
2025-12-11 18:17:37,029 - INFO - select_unusual_phone:108 - 正在进行 异常联系人 匹配中
2025-12-11 18:17:37,104 - INFO - comb_time:260 - 短信异常联系人已经处理完成！！！
2025-12-11 18:17:37,105 - INFO - comb_time:267 - 正在处理话单异常联系人。。。
2025-12-11 18:17:37,105 - INFO - select_usual_phone:90 - 正在处理特征为 通话时间 的异常联系人。。。
2025-12-11 18:17:37,106 - INFO - filter_needed_time_other:79 - 正在处理日期从 2025-12-01 00:00:00 到 2025-12-09 00:00:00
2025-12-11 18:17:37,163 - INFO - select_unusual_phone:108 - 正在进行 异常联系人 匹配中
2025-12-11 18:17:37,272 - INFO - comb_time:272 - 话单异常联系人已经处理完成！！！
2025-12-11 18:17:37,272 - INFO - comb_time:278 - 正在处理特征 访问网址时间银行交易 中。。。
2025-12-11 18:17:37,387 - INFO - comb_time:284 - 特征 访问网址时间银行交易 已经处理完成。。。
2025-12-11 18:17:37,387 - INFO - comb_time:291 - 正在处理特征 访问网址时间拨打电话 中。。。
2025-12-11 18:17:37,387 - INFO - log_message:60 - 正在进行 特征处理中。。。
2025-12-11 18:17:37,579 - INFO - comb_time:293 - 特征 访问网址时间拨打电话 已经处理完成。。。
2025-12-11 18:17:37,580 - INFO - comb_time:298 - 正在处理特征 访问网址时间接收电话 中。。。
2025-12-11 18:17:37,580 - INFO - log_message:60 - 正在进行 特征处理中。。。
2025-12-11 18:17:37,772 - INFO - comb_time:300 - 特征 访问网址时间接收电话 已经处理完成。。。
2025-12-11 18:17:37,772 - INFO - comb_time:305 - 正在处理特征 访问网址时间接收短信 中。。。
2025-12-11 18:17:37,772 - INFO - log_message:60 - 正在进行 特征处理中。。。
2025-12-11 18:17:37,784 - INFO - comb_time:307 - 特征 访问网址时间接收短信 已经处理完成。。。
2025-12-11 18:17:37,784 - INFO - comb_time:312 - 正在处理特征 访问网址时间发送短信 中。。。
2025-12-11 18:17:37,784 - INFO - log_message:60 - 正在进行 特征处理中。。。
2025-12-11 18:17:37,839 - INFO - comb_time:314 - 特征 访问网址时间发送短信 已经处理完成。。。
2025-12-11 18:17:37,840 - INFO - comb_time:319 - 正在处理特征 访问网址时间短信异常联系人 中。。。
2025-12-11 18:17:37,840 - INFO - log_message:60 - 正在进行 特征处理中。。。
2025-12-11 18:17:37,906 - INFO - comb_time:321 - 特征 访问网址时间短信异常联系人 已经处理完成。。。
2025-12-11 18:17:37,906 - INFO - comb_time:326 - 正在处理特征 访问网址时间话单异常联系人 中。。。
2025-12-11 18:17:37,906 - INFO - log_message:60 - 正在进行 特征处理中。。。
2025-12-11 18:17:37,978 - INFO - comb_time:328 - 特征 访问网址时间话单异常联系人 已经处理完成。。。
2025-12-11 18:17:38,142 - INFO - comb_time:338 - 正在进行分析手机号码的特征整合中。。。
2025-12-11 18:17:40,354 - INFO - feature_main:467 - 日期为--20251209--的访客数据特征分析完成！！！ 
2025-12-11 18:17:40,404 - INFO - feature_main:474 - 正在返回数据，部分数据为
         msisdn 访问网址时间拨打电话 访问网址时间接收电话 访问网址时间接收短信 访问网址时间发送短信 访问网址时间银行交易  ...     平均通话长度  最大通话长度  访问网址时间短信异常联系人 访问网址时间话单异常联系人  访问网址时间通话  访问网址时间短信
0  13003535701          0          0          0          0          2  ...  67.675676   655.0              0             0         0         0
1  13003574993          0          0          0          0         10  ...  33.138889   342.0              0             0         0         0
2  13003580707          0          0          0          0          4  ...  17.000000   189.0              0             0         0         0
3  13013723881          0          0          0          0          2  ...   7.727273    85.0              0             0         0         0
4  13024450273          0          0          0          0          0  ...   0.923077    12.0              0             0         0         0

[5 rows x 16 columns]
2025-12-11 18:17:40,478 - INFO - visitors_rank_task:41 - 正在进行日期为--20251209--的网信安数据特征分析中。。。
2025-12-11 18:17:40,478 - INFO - get_wxa_files:162 - 正在对网信安数据进行分类中。。。
2025-12-11 18:17:40,478 - INFO - classify_files:25 - 当前处理的文件的信息为 dco_high_risk_msisdn_clue_extend.csv
2025-12-11 18:17:40,478 - ERROR - classify_files:32 - 跳过不符合命名规范的文件: dco_high_risk_msisdn_clue_extend.csv
2025-12-11 18:17:40,478 - INFO - classify_files:25 - 当前处理的文件的信息为 dco_ai_warning_clue_extend.csv
2025-12-11 18:17:40,479 - ERROR - classify_files:32 - 跳过不符合命名规范的文件: dco_ai_warning_clue_extend.csv
2025-12-11 18:17:40,479 - INFO - classify_files:25 - 当前处理的文件的信息为 dco_involved_msisdn_clue_extend.csv
2025-12-11 18:17:40,479 - ERROR - classify_files:32 - 跳过不符合命名规范的文件: dco_involved_msisdn_clue_extend.csv
2025-12-11 18:17:40,479 - INFO - get_wxa_files:164 - 部分分类数据为：
 {'dco_ai_warning_clue_extend': [], 'dco_high_risk_msisdn_clue_extend': [], 'dco_involved_msisdn_clue
2025-12-11 18:17:40,479 - INFO - get_wxa_files:169 - 正在对网信安数据进行整合中。。。
2025-12-11 18:17:40,484 - INFO - wxa_data_concat:64 - 正在对分类结果遍历中。。。
2025-12-11 18:17:40,487 - INFO - get_wxa_files:181 - 部分AI预警数据为：
 Empty DataFrame
Columns: [msisdn, call_time, other_number]
Index: []
2025-12-11 18:17:40,488 - INFO - get_wxa_files:182 - 部分高危预警号码数据为：
 Empty DataFrame
Columns: [msisdn, call_time, other_number]
Index: []
2025-12-11 18:17:40,488 - INFO - get_wxa_files:183 - 部分案件号码数据为：
 Empty DataFrame
Columns: [msisdn, call_time, other_number]
Index: []
2025-12-11 18:17:40,493 - INFO - get_wxa_files:199 - 部分AI预警数据为：
 Empty DataFrame
Columns: [msisdn, call_time, other_number]
Index: []
2025-12-11 18:17:40,494 - INFO - get_wxa_files:200 - 部分高危预警号码数据为：
 Empty DataFrame
Columns: [msisdn, call_time, other_number]
Index: []
2025-12-11 18:17:40,494 - INFO - get_wxa_files:201 - 部分案件号码数据为：
 Empty DataFrame
Columns: [msisdn, call_time, other_number]
Index: []
2025-12-11 18:17:40,495 - INFO - wxa_feature_main:214 - 正在拉取从 2025-12-06 00:00:00 ----- 2025-12-10 00:00:00 时间的访客通联数据。。。
2025-12-11 18:17:40,498 - INFO - wxa_feature_main:220 - 正在统计从 2025-12-06 00:00:00 ----- 2025-12-10 00:00:00 时间的通联数据的对端号码。。。
2025-12-11 18:17:40,498 - INFO - wxa_feature_main:228 - 正在处理与AI预警通联特征中。。。
2025-12-11 18:17:40,509 - INFO - wxa_feature_main:230 - 与AI预警通联特征已经处理完毕！
2025-12-11 18:17:40,509 - INFO - wxa_feature_main:232 - 正在处理与高危号码通联特征中。。。
2025-12-11 18:17:40,519 - INFO - wxa_feature_main:234 - 与高危预警通联号码通联特征已经处理完毕！
2025-12-11 18:17:40,519 - INFO - wxa_feature_main:236 - 正在处理与案件号码通联特征中。。。
2025-12-11 18:17:40,530 - INFO - wxa_feature_main:238 - 与案件号码通联特征已经处理完毕！
2025-12-11 18:17:40,530 - INFO - wxa_feature_main:244 - 日期为--20251209--网信安数据特征已经处理完成。。。
2025-12-11 18:17:40,530 - INFO - visitors_rank_task:48 - 正在进行日期为--20251209--的访客风险等级分级中。。。
2025-12-11 18:17:40,530 - INFO - visitors_rank_task:49 - 准备进行地点为--nantong--的访客风险等级分级中。。。
2025-12-11 18:17:40,610 - INFO - model_classify_main:157 - 正在使用随机森林模型对数据集进行预测
2025-12-11 18:17:41,537 - INFO - model_classify_main:166 - 正在进行使用随机森林模型预测概率值进行访客分级。。。
2025-12-11 18:17:41,551 - INFO - model_classify_main:173 - 正在进行使用规则模型进行访客分级。。。
2025-12-11 18:17:42,361 - INFO - model_classify_main:178 - 正在进行使用综合规则模型进行访客分级。。。
2025-12-11 18:17:42,402 - INFO - model_classify_main:193 - 正在使用综合规则模型进行访客分级中。。。
2025-12-11 18:17:42,733 - INFO - model_classify_main:203 - 正在进行历史数据分析，对有历史数据的访客进行风险等级调整。。。
2025-12-11 18:17:42,733 - INFO - anaylsis_history_main:247 - 正在整合历史 7 天的结果数据中。。。
2025-12-11 18:17:42,733 - INFO - get_history_res:53 - 路径/data/app/output/nantong 下的部分日期为 ['20251208', '20251027', '20251202', '20251207', '
2025-12-11 18:17:42,733 - INFO - get_target_date_path:13 - 正在整合历史结果数据从 2025-12-01 到 2025-12-09 的数据。。。
2025-12-11 18:17:42,733 - INFO - get_target_date_path:24 - 已经将日期为 2025-12-08 的路径 /data/app/output/nantong/20251208/20251208res.csv 添加到列表中。。
2025-12-11 18:17:42,733 - WARNING - get_target_date_path:27 - 其为 20251027 不属于指定时间 2025-12-01 到 2025-12-09
2025-12-11 18:17:42,733 - INFO - get_target_date_path:24 - 已经将日期为 2025-12-02 的路径 /data/app/output/nantong/20251202/20251202res.csv 添加到列表中。。
2025-12-11 18:17:42,733 - INFO - get_target_date_path:24 - 已经将日期为 2025-12-07 的路径 /data/app/output/nantong/20251207/20251207res.csv 添加到列表中。。
2025-12-11 18:17:42,733 - WARNING - get_target_date_path:27 - 其为 20251031 不属于指定时间 2025-12-01 到 2025-12-09
2025-12-11 18:17:42,733 - INFO - get_target_date_path:24 - 已经将日期为 2025-12-05 的路径 /data/app/output/nantong/20251205/20251205res.csv 添加到列表中。。
2025-12-11 18:17:42,733 - WARNING - get_target_date_path:27 - 其为 20251030 不属于指定时间 2025-12-01 到 2025-12-09
2025-12-11 18:17:42,734 - INFO - get_target_date_path:24 - 已经将日期为 2025-12-04 的路径 /data/app/output/nantong/20251204/20251204res.csv 添加到列表中。。
2025-12-11 18:17:42,734 - WARNING - get_target_date_path:27 - 其为 20251029 不属于指定时间 2025-12-01 到 2025-12-09
2025-12-11 18:17:42,734 - WARNING - get_target_date_path:27 - 其为 20251209 不属于指定时间 2025-12-01 到 2025-12-09
2025-12-11 18:17:42,734 - WARNING - get_target_date_path:27 - 其为 20251026 不属于指定时间 2025-12-01 到 2025-12-09
2025-12-11 18:17:42,734 - INFO - get_target_date_path:24 - 已经将日期为 2025-12-03 的路径 /data/app/output/nantong/20251203/20251203res.csv 添加到列表中。。
2025-12-11 18:17:42,734 - INFO - get_target_date_path:33 - 所要整合的日期的列表已经处理完毕，部分路径为 ['/data/app/output/nantong/20251208/20251208res.cs
2025-12-11 18:17:42,735 - INFO - get_target_date_path:38 - 正在整合任务列表路径中的历史数据中。。。
2025-12-11 18:17:42,735 - ERROR - get_target_date_path:45 - 在整合任务列表路径中的历史数据中出现：[Errno 2] No such file or directory: '/data/app/output/nantong/20251208/20251208res.csv'！！！
2025-12-11 18:17:42,735 - INFO - get_target_date_path:46 - 日期为 20251209 所要整合的历史数据已经整合完成。。。
2025-12-11 18:17:42,735 - INFO - anaylsis_history_main:253 - 正在根据历史数据对部分今日结果进行修改。。。
2025-12-11 18:17:42,735 - INFO - set_marks_by_histroy:214 - 正在对有历史数据和无历史数据的号码进行分离。。。
2025-12-11 18:17:43,334 - INFO - anaysis_visitors_fea_by_history:78 - 根据今日手机号码有无历史数据进行分离完成。。。
2025-12-11 18:17:43,338 - INFO - anaysis_visitors_fea_by_history:79 - 部分无历史数据的数据为：
        msisdn res
0  13003535701  低危
1  13003552988  低危
2  13003574993  中危
3  13003580707  低危
4  13003585509  中危
2025-12-11 18:17:43,339 - INFO - anaysis_visitors_fea_by_history:80 - 部分有历史数据的数据为：
Empty DataFrame
Columns: [msisdn, date_time_df2, res_history, res_now]
Index: []
2025-12-11 18:17:43,339 - INFO - set_marks_by_histroy:222 - 当前设置的风险等级分值为：{'紧急': 4, '高危': 3, '中危': 2, '低危': 1}
2025-12-11 18:17:43,339 - INFO - set_marks_by_histroy:224 - 正在对有历史数据的数据的今日结果进行修改中。。。
2025-12-11 18:17:43,340 - ERROR - set_marks_by_histroy:229 - 分离的历史数据存在问题
Empty DataFrame
Columns: [msisdn, date_time_df2, res_history, res_now, new_res]
Index: []。。。
2025-12-11 18:17:43,347 - INFO - set_marks_by_histroy:240 - 对历史数据的今日结果修改完成。。。
2025-12-11 18:17:43,358 - INFO - set_marks_by_histroy:241 - 部分最终结果数据为：
            msisdn res     new_res
0      13003535701  低危  低危，【无历史数据】
1      13003552988  低危  低危，【无历史数据】
2      13003574993  中危  中危，【无历史数据】
3      13003580707  低危  低危，【无历史数据】
4      13003585509  中危  中危，【无历史数据】
...            ...  ..         ...
12463  19954037070  低危  低危，【无历史数据】
12464  79638246436  低危  低危，【无历史数据】
12465  85253469328  低危  低危，【无历史数据】
12466  85265871411  低危  低危，【无历史数据】
12467  85294593223  低危  低危，【无历史数据】

[12468 rows x 3 columns]
2025-12-11 18:17:43,364 - INFO - anaylsis_history_main:259 - 结果数据的分布情况为：
new_res
低危，【无历史数据】    7945
中危，【无历史数据】    3059
高危，【无历史数据】    1444
紧急，【无历史数据】      20
Name: count, dtype: int64
2025-12-11 18:17:43,420 - INFO - model_classify_main:208 - 历史数据分析完成。。。
2025-12-11 18:17:43,420 - INFO - model_classify_main:211 - 正在根据涉诈网址类型调整访客风险等级中。。。
2025-12-11 18:17:43,420 - INFO - adjust_rank_by_type:88 - 正在加载并处理地点为--nantong--，日期为--20251209--的网址类型数据。。。
2025-12-11 18:17:43,421 - INFO - load_process_url_data:17 - 正在读取访客数据，其文件路径为：/data/risk_guest/nantong/20251209/访客数据.txt。。。
2025-12-11 18:17:43,599 - INFO - load_process_url_data:20 - 访客数据读取完成，其网址类型计数为：
host_type
色情博彩引流    54741
博彩诈骗      12886
招嫖诈骗      11634
非法分发      10311
防封系统       9787
其他诈骗       8266
裸聊诈骗       5806
理财诈骗       2250
刷单诈骗        500
贷款诈骗        106
虚假服务诈骗       37
非法加速器        19
客服系统         16
虚假购物诈骗        5
Name: count, dtype: int64
2025-12-11 18:17:43,600 - INFO - load_process_url_data:22 - 正在根据 msisdn 分组聚合网址类型。。。
2025-12-11 18:17:44,050 - INFO - load_process_url_data:27 - 根据 msisdn 分组聚合网址类型完成。。。
2025-12-11 18:17:44,050 - INFO - load_process_url_data:30 - 正在根据 网址类型列表 进行网址统计中。。。
2025-12-11 18:17:45,158 - INFO - load_process_url_data:35 - 网址类型统计完成其部分数据为：
        msisdn                                           访问网址类型列表  ... 访问网址主要类型次数                                       访问网址类型计数表
0  13003535701                                       [招嫖诈骗, 招嫖诈骗]  ...          2                                     {'招嫖诈骗': 2}
1  13003552988                                       [招嫖诈骗, 招嫖诈骗]  ...          2                                     {'招嫖诈骗': 2}
2  13003574993  [色情博彩引流, 色情博彩引流, 色情博彩引流, 色情博彩引流, 色情博彩引流, 色情博彩引...  ...          6                        {'色情博彩引流': 6, '博彩诈骗': 4}
3  13003580707                           [招嫖诈骗, 招嫖诈骗, 招嫖诈骗, 招嫖诈骗]  ...          4                                     {'招嫖诈骗': 4}
4  13003585509  [博彩诈骗, 博彩诈骗, 博彩诈骗, 博彩诈骗, 裸聊诈骗, 招嫖诈骗, 裸聊诈骗, 招嫖诈...  ...          4  {'博彩诈骗': 4, '裸聊诈骗': 4, '招嫖诈骗': 4, '色情博彩引流': 2}

[5 rows x 6 columns]。。。
2025-12-11 18:17:45,190 - INFO - adjust_rank_by_type:99 - 正在根据网址类型调整地点为--nantong--,日期为--20251209--的访客风险等级。。。
2025-12-11 18:17:45,500 - INFO - adjust_rank_by_type:104 - 根据网址类型进行访客风险等级更改已经完成。。。
2025-12-11 18:17:45,513 - INFO - adjust_rank_by_type:105 - 部分调整结果预览：
        msisdn  访问网址时间银行交易 final_label_res  ... 访问网址主要类型次数                 访问网址类型计数表   adjusted_res
0  13003535701           2              低危  ...          2               {'招嫖诈骗': 2}  低危，分类原因：【无调整】
1  13003574993          10              中危  ...          6  {'色情博彩引流': 6, '博彩诈骗': 4}  中危，分类原因：【无调整】
2  13003580707           4              低危  ...          4               {'招嫖诈骗': 4}  低危，分类原因：【无调整】
3  13013723881           2              低危  ...          2               {'非法分发': 2}  低危，分类原因：【无调整】
4  13024450273           0              低危  ...          2               {'招嫖诈骗': 2}  低危，分类原因：【无调整】

[5 rows x 9 columns]
2025-12-11 18:17:45,543 - INFO - model_classify_main:215 - 根据涉诈网址类型调整访客风险等级已经完成。。。
2025-12-11 18:17:45,561 - INFO - model_classify_main:237 - 正在导出涉诈网址访客风险等级分级，其路径为/data/app/output/nantong/20251209/20251209res.csv
2025-12-11 18:17:45,621 - INFO - model_classify_main:239 - 导出的涉诈网址访客风险等级分级结果部分为
         msisdn date_time res                                             reason
0  13003535701  20251209  低危                               分类原因：【无。】,分类原因：【无调整】
1  13003574993  20251209  中危  分类原因：【随机森林模型分类为“中危”,最终分类结果为中危。其中随机森林的预测概率为：0.5...
2  13003580707  20251209  低危                               分类原因：【无。】,分类原因：【无调整】
3  13013723881  20251209  低危                               分类原因：【无。】,分类原因：【无调整】
4  13024450273  20251209  低危                               分类原因：【无。】,分类原因：【无调整】
2025-12-11 18:17:45,623 - INFO - model_classify_main:240 - 导出的涉诈网址访客风险等级分级结果计数为
 res
低危    7945
中危    3049
高危    1434
紧急      40
Name: count, dtype: int64
2025-12-11 18:17:45,623 - INFO - model_classify_main:253 - 正在导出涉诈网址访客特征和模型分类数据，其路径为/data/app/output/nantong/20251209/20251209feature_and_model_data.csv
2025-12-11 18:17:45,786 - INFO - model_classify_main:255 - 导出的涉诈网址访客风特征和模型分类数据
         msisdn  访问网址时间拨打电话  访问网址时间接收电话  访问网址时间接收短信  ...  history_label_res  history_label_reason  host_type_label_res  host_type_label_reason
0  13003535701           0           0           0  ...                 低危               【无历史数据】                   低危              分类原因：【无调整】
1  13003574993           0           0           0  ...                 中危               【无历史数据】                   中危              分类原因：【无调整】
2  13003580707           0           0           0  ...                 低危               【无历史数据】                   低危              分类原因：【无调整】
3  13013723881           0           0           0  ...                 低危               【无历史数据】                   低危              分类原因：【无调整】
4  13024450273           0           0           0  ...                 低危               【无历史数据】                   低危              分类原因：【无调整】

[5 rows x 27 columns]
2025-12-11 18:17:45,786 - INFO - model_classify_main:259 - 日期为--20251209--的数据风险等级分级已经完成！！！
2025-12-11 18:17:45,793 - INFO - visitors_rank_task:59 - 日期为--20251209--进行访客风险等级分级已经完成，等待执行下一日期的定时任务中。。。
